<?xml version="1.0" encoding="UTF-8" standalone="yes"?><!DOCTYPE report PUBLIC "-//JACOCO//DTD Report 1.1//EN" "report.dtd"><report name="stars"><sessioninfo id="hamzahs-mbp.devices.brown.edu-5268be56" start="1612585603452" dump="1612585603902"/><sessioninfo id="hamzahs-mbp.devices.brown.edu-22b1b37b" start="1612585623874" dump="1612585624237"/><sessioninfo id="hamzahs-mbp.devices.brown.edu-f71ce7d2" start="1612585639609" dump="1612585639976"/><sessioninfo id="hamzahs-mbp.devices.brown.edu-aaa29784" start="1612585717793" dump="1612585718152"/><sessioninfo id="hamzahs-mbp.devices.brown.edu-e9cd63fb" start="1612585785743" dump="1612585786117"/><sessioninfo id="hamzahs-mbp.devices.brown.edu-7ec27609" start="1612593675150" dump="1612593675568"/><sessioninfo id="hamzahs-mbp.devices.brown.edu-c307778" start="1612593745133" dump="1612593745499"/><sessioninfo id="hamzahs-mbp.devices.brown.edu-f276a90d" start="1612593818375" dump="1612593818743"/><sessioninfo id="hamzahs-mbp.devices.brown.edu-e88d8f7b" start="1612593886850" dump="1612593887231"/><sessioninfo id="hamzahs-mbp.devices.brown.edu-9524183a" start="1612594168719" dump="1612594169138"/><sessioninfo id="hamzahs-mbp.devices.brown.edu-aa5c6123" start="1612594347173" dump="1612594347530"/><sessioninfo id="hamzahs-mbp.devices.brown.edu-ae22a27c" start="1612594422782" dump="1612594423182"/><sessioninfo id="hamzahs-mbp.devices.brown.edu-5ea68907" start="1612594991277" dump="1612594991634"/><sessioninfo id="hamzahs-mbp.devices.brown.edu-8051b7f2" start="1612595101739" dump="1612595102184"/><sessioninfo id="hamzahs-mbp.devices.brown.edu-1a0c4d5b" start="1612627907284" dump="1612627907730"/><sessioninfo id="hamzahs-mbp.devices.brown.edu-da8ee03" start="1612628358718" dump="1612628359203"/><sessioninfo id="hamzahs-mbp.devices.brown.edu-550b0439" start="1612629235448" dump="1612629235893"/><sessioninfo id="hamzahs-mbp.devices.brown.edu-3a95c06a" start="1612630038235" dump="1612630038614"/><sessioninfo id="hamzahs-mbp.devices.brown.edu-9f6a6cc6" start="1612631749554" dump="1612631749897"/><sessioninfo id="hamzahs-mbp.devices.brown.edu-bfdbdbc5" start="1612631892812" dump="1612631893161"/><sessioninfo id="hamzahs-mbp.devices.brown.edu-a15ebb44" start="1612631987457" dump="1612631987808"/><sessioninfo id="hamzahs-mbp.devices.brown.edu-c995bc4" start="1612632276887" dump="1612632277260"/><sessioninfo id="hamzahs-mbp.devices.brown.edu-4dd14b1c" start="1612632904055" dump="1612632904404"/><sessioninfo id="hamzahs-mbp.devices.brown.edu-77579f26" start="1612632922226" dump="1612632922583"/><sessioninfo id="hamzahs-mbp.devices.brown.edu-c992100d" start="1612633045672" dump="1612633046005"/><sessioninfo id="hamzahs-mbp.devices.brown.edu-b52b0cd1" start="1612633100913" dump="1612633101249"/><sessioninfo id="hamzahs-mbp.devices.brown.edu-3a54e59b" start="1612633191872" dump="1612633192227"/><sessioninfo id="hamzahs-mbp.devices.brown.edu-1977074e" start="1612634103502" dump="1612634103887"/><sessioninfo id="hamzahs-mbp.devices.brown.edu-60579b8b" start="1612634301870" dump="1612634302221"/><sessioninfo id="hamzahs-mbp.devices.brown.edu-92aa6dd3" start="1612634382313" dump="1612634382647"/><sessioninfo id="hamzahs-mbp.devices.brown.edu-f06fb606" start="1612634650589" dump="1612634650939"/><sessioninfo id="hamzahs-mbp.devices.brown.edu-bbff8f4d" start="1612649251456" dump="1612649251940"/><sessioninfo id="hamzahs-mbp.devices.brown.edu-e4a141ac" start="1613068172416" dump="1613068172851"/><sessioninfo id="hamzahs-mbp.devices.brown.edu-7198f540" start="1613068579578" dump="1613068580010"/><sessioninfo id="hamzahs-mbp.devices.brown.edu-ac6910a8" start="1613069867594" dump="1613069867987"/><sessioninfo id="hamzahs-mbp.devices.brown.edu-e008b44" start="1613081045914" dump="1613081046310"/><sessioninfo id="hamzahs-mbp.devices.brown.edu-ea520f7b" start="1613087507940" dump="1613087508337"/><sessioninfo id="hamzahs-mbp.devices.brown.edu-8d457542" start="1613088745703" dump="1613088746119"/><sessioninfo id="hamzahs-mbp.devices.brown.edu-2559ece0" start="1613088918975" dump="1613088919335"/><sessioninfo id="hamzahs-mbp.devices.brown.edu-eb1cb351" start="1613088953836" dump="1613088954198"/><sessioninfo id="hamzahs-mbp.devices.brown.edu-bb5d99d" start="1613088979448" dump="1613088979804"/><sessioninfo id="hamzahs-mbp.devices.brown.edu-6360138f" start="1613089046895" dump="1613089047273"/><sessioninfo id="hamzahs-mbp.devices.brown.edu-c3bc67b" start="1613089350598" dump="1613089350955"/><sessioninfo id="hamzahs-mbp.devices.brown.edu-f090a127" start="1613089539574" dump="1613089540020"/><sessioninfo id="hamzahs-mbp.devices.brown.edu-38f09821" start="1613089614666" dump="1613089615049"/><sessioninfo id="hamzahs-mbp.devices.brown.edu-280186e9" start="1613089845993" dump="1613089846409"/><sessioninfo id="hamzahs-mbp.devices.brown.edu-3c803150" start="1613089941617" dump="1613089942005"/><sessioninfo id="hamzahs-mbp.devices.brown.edu-69c681be" start="1613090682360" dump="1613090682781"/><sessioninfo id="hamzahs-mbp.devices.brown.edu-ca718840" start="1613091785645" dump="1613091786045"/><sessioninfo id="hamzahs-mbp.devices.brown.edu-f945d373" start="1613092001599" dump="1613092002002"/><sessioninfo id="hamzahs-mbp.devices.brown.edu-e670f8cc" start="1613094182190" dump="1613094182584"/><sessioninfo id="hamzahs-mbp.devices.brown.edu-355e8af9" start="1613094338058" dump="1613094338439"/><sessioninfo id="hamzahs-mbp.devices.brown.edu-ba708c6a" start="1613094494785" dump="1613094495183"/><sessioninfo id="hamzahs-mbp.devices.brown.edu-875fdb1b" start="1613095811441" dump="1613095811843"/><sessioninfo id="hamzahs-mbp.devices.brown.edu-6d97b69b" start="1613141921831" dump="1613141922298"/><sessioninfo id="hamzahs-mbp.devices.brown.edu-e380a5ab" start="1613143384393" dump="1613143384778"/><sessioninfo id="hamzahs-mbp.devices.brown.edu-2e62687f" start="1613156285885" dump="1613156286280"/><sessioninfo id="hamzahs-mbp.devices.brown.edu-80acd693" start="1613156642736" dump="1613156643170"/><sessioninfo id="hamzahs-mbp.devices.brown.edu-47717346" start="1613158023038" dump="1613158023490"/><sessioninfo id="hamzahs-mbp.devices.brown.edu-d2401b2f" start="1613158334847" dump="1613158335215"/><sessioninfo id="hamzahs-mbp.devices.brown.edu-dc1e0c9a" start="1613158734635" dump="1613158735091"/><sessioninfo id="hamzahs-mbp.devices.brown.edu-2d1258eb" start="1613163685089" dump="1613163685473"/><sessioninfo id="hamzahs-mbp.devices.brown.edu-4f29b7db" start="1613164510178" dump="1613164510584"/><sessioninfo id="hamzahs-mbp.devices.brown.edu-18d32833" start="1613164998951" dump="1613164999316"/><sessioninfo id="hamzahs-mbp.devices.brown.edu-21f4597d" start="1613165870036" dump="1613165870417"/><sessioninfo id="hamzahs-mbp.devices.brown.edu-3a51b7df" start="1613171113247" dump="1613171113612"/><sessioninfo id="hamzahs-mbp.devices.brown.edu-37bde86e" start="1613174265869" dump="1613174266250"/><sessioninfo id="hamzahs-mbp.devices.brown.edu-b6e8bcf9" start="1613175775172" dump="1613175775579"/><sessioninfo id="hamzahs-mbp.devices.brown.edu-4a6c12b9" start="1613175808110" dump="1613175808472"/><sessioninfo id="hamzahs-mbp.devices.brown.edu-d75f602" start="1613176063485" dump="1613176063848"/><sessioninfo id="hamzahs-mbp.devices.brown.edu-64c8ad70" start="1613176115032" dump="1613176115423"/><sessioninfo id="hamzahs-mbp.devices.brown.edu-a79d51e3" start="1613176134505" dump="1613176134860"/><sessioninfo id="hamzahs-mbp.devices.brown.edu-234cc2a" start="1613176272077" dump="1613176272455"/><sessioninfo id="hamzahs-mbp.devices.brown.edu-a42cb41c" start="1613176385564" dump="1613176385914"/><sessioninfo id="hamzahs-mbp.devices.brown.edu-90cd3c8" start="1613176414132" dump="1613176414511"/><sessioninfo id="hamzahs-mbp.devices.brown.edu-96d7db6e" start="1613176460704" dump="1613176461076"/><sessioninfo id="hamzahs-mbp.devices.brown.edu-5794fa4d" start="1613176488164" dump="1613176488515"/><sessioninfo id="hamzahs-mbp.devices.brown.edu-c1e7a3c1" start="1613178218835" dump="1613178219234"/><sessioninfo id="hamzahs-mbp.devices.brown.edu-8f4d486e" start="1613178612065" dump="1613178612496"/><sessioninfo id="hamzahs-mbp.devices.brown.edu-6efb87bb" start="1613178948401" dump="1613178948783"/><sessioninfo id="hamzahs-mbp.devices.brown.edu-9b9f1e10" start="1613179133065" dump="1613179133469"/><sessioninfo id="hamzahs-mbp.devices.brown.edu-ec2ef2b0" start="1613179316148" dump="1613179316537"/><sessioninfo id="hamzahs-mbp.devices.brown.edu-5bfef6da" start="1613179412456" dump="1613179412873"/><sessioninfo id="hamzahs-mbp.devices.brown.edu-be848659" start="1613180444122" dump="1613180444514"/><sessioninfo id="hamzahs-mbp.devices.brown.edu-8ae8fb3c" start="1613180562346" dump="1613180562719"/><sessioninfo id="hamzahs-mbp.devices.brown.edu-1f14ae8b" start="1613180727960" dump="1613180728341"/><sessioninfo id="hamzahs-mbp.devices.brown.edu-56aa196b" start="1613180942380" dump="1613180942741"/><sessioninfo id="hamzahs-mbp.devices.brown.edu-cc76940a" start="1613181533623" dump="1613181534057"/><sessioninfo id="hamzahs-mbp.devices.brown.edu-99ababee" start="1613221445308" dump="1613221445732"/><sessioninfo id="hamzahs-mbp.devices.brown.edu-7bfa575c" start="1613221698634" dump="1613221699088"/><sessioninfo id="hamzahs-mbp.devices.brown.edu-e72cb0c7" start="1613221830668" dump="1613221831134"/><sessioninfo id="hamzahs-mbp.devices.brown.edu-941c971e" start="1613222247429" dump="1613222247840"/><sessioninfo id="hamzahs-mbp.devices.brown.edu-c8958c16" start="1613222885979" dump="1613222886397"/><sessioninfo id="hamzahs-mbp.devices.brown.edu-5d4fc79d" start="1613223359174" dump="1613223359565"/><sessioninfo id="hamzahs-mbp.devices.brown.edu-887211ec" start="1613224349956" dump="1613224350331"/><sessioninfo id="hamzahs-mbp.devices.brown.edu-80f70381" start="1613224521587" dump="1613224521961"/><sessioninfo id="hamzahs-mbp.devices.brown.edu-561665d8" start="1613225101273" dump="1613225101635"/><sessioninfo id="hamzahs-mbp.devices.brown.edu-3b15f9be" start="1613225370356" dump="1613225370720"/><sessioninfo id="hamzahs-mbp.devices.brown.edu-799bc2c7" start="1613225668900" dump="1613225669324"/><sessioninfo id="hamzahs-mbp.devices.brown.edu-e92262c7" start="1613225833673" dump="1613225834062"/><sessioninfo id="hamzahs-mbp.devices.brown.edu-c19f2453" start="1613226265829" dump="1613226266281"/><sessioninfo id="hamzahs-mbp.devices.brown.edu-c0faf927" start="1613229172193" dump="1613229172590"/><sessioninfo id="hamzahs-mbp.devices.brown.edu-65ab0bfd" start="1613229547455" dump="1613229547918"/><sessioninfo id="hamzahs-mbp.devices.brown.edu-7715c996" start="1613231879802" dump="1613231880203"/><sessioninfo id="hamzahs-mbp.devices.brown.edu-156b9da7" start="1613232082798" dump="1613232083189"/><sessioninfo id="hamzahs-mbp.devices.brown.edu-d3e41ff7" start="1613232643863" dump="1613232644252"/><sessioninfo id="hamzahs-mbp.devices.brown.edu-74333956" start="1613232663885" dump="1613232664267"/><sessioninfo id="hamzahs-mbp.devices.brown.edu-d944d447" start="1613232912431" dump="1613232912808"/><sessioninfo id="hamzahs-mbp.devices.brown.edu-c72b8ed3" start="1613233256443" dump="1613233256852"/><sessioninfo id="hamzahs-mbp.devices.brown.edu-58be98ab" start="1613233454596" dump="1613233454983"/><sessioninfo id="hamzahs-mbp.devices.brown.edu-9db5079d" start="1613233541305" dump="1613233541739"/><sessioninfo id="hamzahs-mbp.devices.brown.edu-324aebfc" start="1613233585894" dump="1613233586293"/><sessioninfo id="hamzahs-mbp.devices.brown.edu-b5946308" start="1613234035998" dump="1613234036413"/><sessioninfo id="hamzahs-mbp.devices.brown.edu-88d70b3c" start="1613234065104" dump="1613234065495"/><sessioninfo id="hamzahs-mbp.devices.brown.edu-8e1476dc" start="1613234258745" dump="1613234259155"/><sessioninfo id="hamzahs-mbp.devices.brown.edu-d9af452" start="1613234282128" dump="1613234282577"/><sessioninfo id="hamzahs-mbp.devices.brown.edu-4501cd1b" start="1613234773550" dump="1613234773934"/><sessioninfo id="hamzahs-mbp.devices.brown.edu-fb72aa7b" start="1613234822415" dump="1613234822769"/><sessioninfo id="hamzahs-mbp.devices.brown.edu-a0073bbc" start="1613234896499" dump="1613234896852"/><sessioninfo id="hamzahs-mbp.devices.brown.edu-6b44e7db" start="1613236344975" dump="1613236345353"/><sessioninfo id="hamzahs-mbp.devices.brown.edu-c072a0a5" start="1613236374350" dump="1613236374746"/><sessioninfo id="hamzahs-mbp.devices.brown.edu-edc9d4ff" start="1613236430751" dump="1613236431121"/><sessioninfo id="hamzahs-mbp.devices.brown.edu-d81276dc" start="1613236776313" dump="1613236776750"/><sessioninfo id="hamzahs-mbp.devices.brown.edu-b5a86c09" start="1613237350184" dump="1613237350608"/><sessioninfo id="hamzahs-mbp.devices.brown.edu-71192ee1" start="1613243103758" dump="1613243104173"/><sessioninfo id="hamzahs-mbp.devices.brown.edu-c56f25fc" start="1613243951731" dump="1613243952136"/><sessioninfo id="hamzahs-mbp.devices.brown.edu-5bd80526" start="1613244005353" dump="1613244005701"/><sessioninfo id="hamzahs-mbp.devices.brown.edu-5a05603" start="1613244106921" dump="1613244107274"/><sessioninfo id="hamzahs-mbp.devices.brown.edu-e438d86b" start="1613244559078" dump="1613244559427"/><sessioninfo id="hamzahs-mbp.devices.brown.edu-e9868b1c" start="1613245059204" dump="1613245059569"/><sessioninfo id="hamzahs-mbp.devices.brown.edu-81ddf9cc" start="1613245375120" dump="1613245375488"/><sessioninfo id="hamzahs-mbp.devices.brown.edu-b509753f" start="1613245713613" dump="1613245713999"/><sessioninfo id="hamzahs-mbp.devices.brown.edu-cb7255e0" start="1613245988916" dump="1613245989288"/><sessioninfo id="hamzahs-mbp.devices.brown.edu-6afe4ab1" start="1613246008653" dump="1613246009036"/><sessioninfo id="hamzahs-mbp.devices.brown.edu-41711e86" start="1613246139039" dump="1613246139401"/><sessioninfo id="hamzahs-mbp.devices.brown.edu-c6361460" start="1613246191850" dump="1613246192204"/><sessioninfo id="hamzahs-mbp.devices.brown.edu-f7fe16e" start="1613246394428" dump="1613246394780"/><sessioninfo id="hamzahs-mbp.devices.brown.edu-5639670c" start="1613248889015" dump="1613248889447"/><sessioninfo id="hamzahs-mbp.devices.brown.edu-83359fff" start="1613249041584" dump="1613249042000"/><sessioninfo id="hamzahs-mbp.devices.brown.edu-219f9765" start="1613249276226" dump="1613249276680"/><sessioninfo id="hamzahs-mbp.devices.brown.edu-5c3e3d00" start="1613249338738" dump="1613249339160"/><sessioninfo id="hamzahs-mbp.devices.brown.edu-329f2799" start="1613249614192" dump="1613249614623"/><sessioninfo id="hamzahs-mbp.devices.brown.edu-72b9d611" start="1613249917179" dump="1613249917611"/><sessioninfo id="hamzahs-mbp.devices.brown.edu-2187cf24" start="1613263660888" dump="1613263661301"/><sessioninfo id="hamzahs-mbp.devices.brown.edu-6db30bcc" start="1613264629879" dump="1613264630286"/><sessioninfo id="hamzahs-mbp.devices.brown.edu-3ea0c7cf" start="1613264757680" dump="1613264758084"/><sessioninfo id="hamzahs-mbp.devices.brown.edu-141f7ba9" start="1613264881141" dump="1613264881555"/><sessioninfo id="hamzahs-mbp.devices.brown.edu-2228acae" start="1613264938193" dump="1613264938675"/><sessioninfo id="hamzahs-mbp.devices.brown.edu-ae4ea21e" start="1613265075214" dump="1613265075697"/><sessioninfo id="hamzahs-mbp.devices.brown.edu-d99d372f" start="1613265145706" dump="1613265146303"/><sessioninfo id="hamzahs-mbp.devices.brown.edu-a8477ce3" start="1613265238920" dump="1613265239474"/><sessioninfo id="hamzahs-mbp.devices.brown.edu-7757e19" start="1613265474971" dump="1613265475581"/><sessioninfo id="hamzahs-mbp.devices.brown.edu-ac0520df" start="1613265707946" dump="1613265708515"/><sessioninfo id="hamzahs-mbp.devices.brown.edu-fd3873d" start="1613265753094" dump="1613265753603"/><sessioninfo id="hamzahs-mbp.devices.brown.edu-1ba9ed40" start="1613265813747" dump="1613265814300"/><sessioninfo id="hamzahs-mbp.devices.brown.edu-1fdf2968" start="1613265957274" dump="1613265957881"/><sessioninfo id="hamzahs-mbp.devices.brown.edu-5edc4a51" start="1613265981064" dump="1613265981761"/><sessioninfo id="hamzahs-mbp.devices.brown.edu-f4689f20" start="1613266122815" dump="1613266123357"/><sessioninfo id="hamzahs-mbp.devices.brown.edu-68be3372" start="1613266158468" dump="1613266159015"/><sessioninfo id="hamzahs-mbp.devices.brown.edu-6c47d91f" start="1613267967218" dump="1613267967711"/><sessioninfo id="hamzahs-mbp.devices.brown.edu-7f2162c1" start="1613268039657" dump="1613268040243"/><sessioninfo id="hamzahs-mbp.devices.brown.edu-9c889889" start="1613268180464" dump="1613268180937"/><sessioninfo id="hamzahs-mbp.devices.brown.edu-abb24ddc" start="1613308035691" dump="1613308036400"/><sessioninfo id="hamzahs-mbp.devices.brown.edu-4167195f" start="1613308191875" dump="1613308192498"/><sessioninfo id="hamzahs-mbp.devices.brown.edu-1de7b96" start="1613308220652" dump="1613308221389"/><sessioninfo id="hamzahs-mbp.devices.brown.edu-67c4872d" start="1613308249053" dump="1613308249810"/><sessioninfo id="hamzahs-mbp.devices.brown.edu-d1093474" start="1613308398423" dump="1613308399010"/><sessioninfo id="hamzahs-mbp.devices.brown.edu-555a4543" start="1613308413474" dump="1613308414147"/><sessioninfo id="hamzahs-mbp.devices.brown.edu-3f63c4d7" start="1613311585553" dump="1613311586207"/><sessioninfo id="hamzahs-mbp.devices.brown.edu-9ff4f1b0" start="1613313406091" dump="1613313406946"/><sessioninfo id="hamzahs-mbp.devices.brown.edu-74a32334" start="1613313847433" dump="1613313848058"/><sessioninfo id="hamzahs-mbp.devices.brown.edu-f183424c" start="1613313941097" dump="1613313941999"/><sessioninfo id="hamzahs-mbp.devices.brown.edu-1b4ee546" start="1613314291918" dump="1613314292761"/><sessioninfo id="hamzahs-mbp.devices.brown.edu-1016ccc7" start="1613314338526" dump="1613314339254"/><sessioninfo id="hamzahs-mbp.devices.brown.edu-1ccfcb0" start="1613314368949" dump="1613314369531"/><sessioninfo id="hamzahs-mbp.devices.brown.edu-7975b4e1" start="1613314640147" dump="1613314640771"/><sessioninfo id="hamzahs-mbp.devices.brown.edu-6271c9e6" start="1613314668945" dump="1613314669641"/><sessioninfo id="hamzahs-mbp.devices.brown.edu-31451805" start="1613315203499" dump="1613315204202"/><sessioninfo id="hamzahs-mbp.devices.brown.edu-38ccd87c" start="1613315676072" dump="1613315676845"/><sessioninfo id="hamzahs-mbp.devices.brown.edu-47101e6c" start="1613315760897" dump="1613315761490"/><sessioninfo id="hamzahs-mbp.devices.brown.edu-7c4612cf" start="1613315888116" dump="1613315888840"/><sessioninfo id="hamzahs-mbp.devices.brown.edu-4df99f25" start="1613316012620" dump="1613316013284"/><sessioninfo id="hamzahs-mbp.devices.brown.edu-367629db" start="1613316083368" dump="1613316084095"/><sessioninfo id="hamzahs-mbp.devices.brown.edu-99221542" start="1613316325744" dump="1613316326473"/><sessioninfo id="hamzahs-mbp.devices.brown.edu-41723f28" start="1613316493047" dump="1613316493599"/><sessioninfo id="hamzahs-mbp.devices.brown.edu-f9e3ac98" start="1613316595548" dump="1613316596322"/><sessioninfo id="hamzahs-mbp.devices.brown.edu-d27b379d" start="1613316698418" dump="1613316699230"/><sessioninfo id="hamzahs-mbp.devices.brown.edu-f3bc44be" start="1613316736393" dump="1613316737036"/><sessioninfo id="hamzahs-mbp.devices.brown.edu-ecd57fc0" start="1613316797799" dump="1613316798367"/><sessioninfo id="hamzahs-mbp.devices.brown.edu-29aedbb8" start="1613316821275" dump="1613316821975"/><sessioninfo id="hamzahs-mbp.devices.brown.edu-cd36f414" start="1613316849339" dump="1613316849963"/><sessioninfo id="hamzahs-mbp.devices.brown.edu-86846740" start="1613316942780" dump="1613316943596"/><sessioninfo id="hamzahs-mbp.devices.brown.edu-16e04921" start="1613317014038" dump="1613317014814"/><sessioninfo id="hamzahs-mbp.devices.brown.edu-e4c6aea4" start="1613317044806" dump="1613317045506"/><sessioninfo id="hamzahs-mbp.devices.brown.edu-88776b99" start="1613317083620" dump="1613317084219"/><sessioninfo id="hamzahs-mbp.devices.brown.edu-32a6b0ad" start="1613317108271" dump="1613317109074"/><sessioninfo id="hamzahs-mbp.devices.brown.edu-b0f03edb" start="1613317192009" dump="1613317192710"/><sessioninfo id="hamzahs-mbp.devices.brown.edu-68df1f85" start="1613317227641" dump="1613317228501"/><sessioninfo id="hamzahs-mbp.devices.brown.edu-2a45ca23" start="1613317255879" dump="1613317256581"/><sessioninfo id="hamzahs-mbp.devices.brown.edu-3c73024b" start="1613317307732" dump="1613317308395"/><sessioninfo id="hamzahs-mbp.devices.brown.edu-452b696c" start="1613317715630" dump="1613317716275"/><sessioninfo id="hamzahs-mbp.devices.brown.edu-d62783ca" start="1613317787015" dump="1613317787747"/><sessioninfo id="hamzahs-mbp.devices.brown.edu-5a996062" start="1613317926823" dump="1613317927735"/><sessioninfo id="hamzahs-mbp.devices.brown.edu-e23b31d7" start="1613319599459" dump="1613319600100"/><sessioninfo id="hamzahs-mbp.devices.brown.edu-894685a" start="1613319635005" dump="1613319635626"/><sessioninfo id="hamzahs-mbp.devices.brown.edu-44a77591" start="1613319665263" dump="1613319665943"/><sessioninfo id="hamzahs-mbp.devices.brown.edu-fb350744" start="1613319683464" dump="1613319684136"/><sessioninfo id="hamzahs-mbp.devices.brown.edu-c4797a43" start="1613322747821" dump="1613322748500"/><sessioninfo id="hamzahs-mbp.devices.brown.edu-9855c19e" start="1613322863016" dump="1613322863636"/><sessioninfo id="hamzahs-mbp.devices.brown.edu-7d2542e5" start="1613322949535" dump="1613322950186"/><sessioninfo id="hamzahs-mbp.devices.brown.edu-6da794d4" start="1613323228777" dump="1613323229428"/><sessioninfo id="hamzahs-mbp.devices.brown.edu-7feeec10" start="1613326600700" dump="1613326601884"/><sessioninfo id="hamzahs-mbp.devices.brown.edu-66e4f86d" start="1613326610155" dump="1613326610872"/><sessioninfo id="hamzahs-mbp.devices.brown.edu-6fd98f8d" start="1613326862841" dump="1613326863504"/><sessioninfo id="hamzahs-mbp.devices.brown.edu-fc8bc3c9" start="1613327414298" dump="1613327414950"/><sessioninfo id="hamzahs-mbp.devices.brown.edu-955b0a82" start="1613327855892" dump="1613327856560"/><sessioninfo id="hamzahs-mbp.devices.brown.edu-d49745ac" start="1613328175084" dump="1613328175629"/><sessioninfo id="hamzahs-mbp.devices.brown.edu-2ec86e6e" start="1613328188700" dump="1613328189280"/><sessioninfo id="hamzahs-mbp.devices.brown.edu-1ea876be" start="1613328634469" dump="1613328635478"/><sessioninfo id="hamzahs-mbp.devices.brown.edu-9ba4c7b3" start="1613328797541" dump="1613328798253"/><sessioninfo id="hamzahs-mbp.devices.brown.edu-c83b0bdd" start="1613329121389" dump="1613329122079"/><sessioninfo id="hamzahs-mbp.devices.brown.edu-3d74427b" start="1613330682232" dump="1613330683002"/><sessioninfo id="hamzahs-mbp.devices.brown.edu-519777e3" start="1613331302898" dump="1613331303609"/><sessioninfo id="hamzahs-mbp.devices.brown.edu-383229e3" start="1613331762812" dump="1613331763508"/><sessioninfo id="hamzahs-mbp.devices.brown.edu-aec60193" start="1613331772655" dump="1613331773406"/><sessioninfo id="hamzahs-mbp.devices.brown.edu-d5fba8b8" start="1613331818827" dump="1613331820007"/><sessioninfo id="hamzahs-mbp.devices.brown.edu-238b477f" start="1613331867049" dump="1613331867927"/><sessioninfo id="hamzahs-mbp.devices.brown.edu-6acd874b" start="1613331976838" dump="1613331977539"/><sessioninfo id="hamzahs-mbp.devices.brown.edu-aceba454" start="1613331997241" dump="1613331998196"/><sessioninfo id="hamzahs-mbp.devices.brown.edu-e7709fc" start="1613332096406" dump="1613332097240"/><sessioninfo id="hamzahs-mbp.devices.brown.edu-36f5d971" start="1613333016695" dump="1613333017428"/><sessioninfo id="hamzahs-mbp.devices.brown.edu-97ff7a60" start="1613334107383" dump="1613334108116"/><sessioninfo id="hamzahs-mbp.devices.brown.edu-6a149ae" start="1613334574303" dump="1613334575087"/><sessioninfo id="hamzahs-mbp.devices.brown.edu-d319811f" start="1613334758078" dump="1613334758816"/><sessioninfo id="hamzahs-mbp.devices.brown.edu-1c0b95f0" start="1613335220881" dump="1613335221799"/><sessioninfo id="hamzahs-mbp.devices.brown.edu-16942654" start="1613335408566" dump="1613335409458"/><sessioninfo id="hamzahs-mbp.devices.brown.edu-a1d8b9ff" start="1613335548865" dump="1613335549661"/><sessioninfo id="hamzahs-mbp.devices.brown.edu-ab9bdf76" start="1613335731004" dump="1613335731674"/><sessioninfo id="hamzahs-mbp.devices.brown.edu-db6217ed" start="1613335809062" dump="1613335811325"/><sessioninfo id="hamzahs-mbp.devices.brown.edu-191fc986" start="1613340650569" dump="1613340651198"/><sessioninfo id="hamzahs-mbp.devices.brown.edu-52323286" start="1613340874343" dump="1613340875085"/><sessioninfo id="hamzahs-mbp.devices.brown.edu-2379213" start="1613340914498" dump="1613340915323"/><sessioninfo id="hamzahs-mbp.devices.brown.edu-40b55f20" start="1613344828512" dump="1613344829303"/><sessioninfo id="hamzahs-mbp.devices.brown.edu-88aac54a" start="1613345436150" dump="1613345436952"/><sessioninfo id="hamzahs-mbp.devices.brown.edu-d3309b05" start="1613345485663" dump="1613345486476"/><sessioninfo id="hamzahs-mbp.devices.brown.edu-c36168cc" start="1613394244332" dump="1613394245142"/><sessioninfo id="hamzahs-mbp.devices.brown.edu-c6c5882c" start="1613394512457" dump="1613394513219"/><sessioninfo id="hamzahs-mbp.devices.brown.edu-773b59aa" start="1613397338365" dump="1613397339727"/><sessioninfo id="hamzahs-mbp.devices.brown.edu-9c5837fd" start="1613397494632" dump="1613397496141"/><sessioninfo id="hamzahs-mbp.devices.brown.edu-68c2cdcd" start="1613397822289" dump="1613397824082"/><sessioninfo id="hamzahs-mbp.devices.brown.edu-67d2d1f8" start="1613397987868" dump="1613397989518"/><sessioninfo id="hamzahs-mbp.devices.brown.edu-4f12f34c" start="1613398055590" dump="1613398057034"/><sessioninfo id="hamzahs-mbp.devices.brown.edu-553d418a" start="1613398386726" dump="1613398387977"/><sessioninfo id="hamzahs-mbp.devices.brown.edu-f623f7a0" start="1613398527612" dump="1613398529169"/><sessioninfo id="hamzahs-mbp.devices.brown.edu-c9e0a64" start="1613398686527" dump="1613398687909"/><sessioninfo id="hamzahs-mbp.devices.brown.edu-d0a6523f" start="1613398841523" dump="1613398843804"/><sessioninfo id="hamzahs-mbp.devices.brown.edu-967d327f" start="1613399024217" dump="1613399025690"/><sessioninfo id="hamzahs-mbp.devices.brown.edu-c667e9e1" start="1613399097538" dump="1613399098891"/><sessioninfo id="hamzahs-mbp.devices.brown.edu-579fd7a6" start="1613399331599" dump="1613399333023"/><sessioninfo id="hamzahs-mbp.devices.brown.edu-626fb8c2" start="1613399607547" dump="1613399608951"/><sessioninfo id="hamzahs-mbp.devices.brown.edu-f0416712" start="1613399777747" dump="1613399779204"/><sessioninfo id="hamzahs-mbp.devices.brown.edu-d34e6b31" start="1613399985555" dump="1613399986935"/><sessioninfo id="hamzahs-mbp.devices.brown.edu-9b2a7619" start="1613400096884" dump="1613400098722"/><sessioninfo id="hamzahs-mbp.devices.brown.edu-872ae135" start="1613400319832" dump="1613400321281"/><sessioninfo id="hamzahs-mbp.devices.brown.edu-a0895b60" start="1613401358188" dump="1613401359663"/><sessioninfo id="hamzahs-mbp.devices.brown.edu-471b1bf5" start="1613401890485" dump="1613401891767"/><sessioninfo id="hamzahs-mbp.devices.brown.edu-8c88d3ad" start="1613401964482" dump="1613401965841"/><sessioninfo id="hamzahs-mbp.devices.brown.edu-bf8737c" start="1613402006542" dump="1613402008077"/><sessioninfo id="hamzahs-mbp.devices.brown.edu-36fd5d83" start="1613402792025" dump="1613402793527"/><sessioninfo id="hamzahs-mbp.devices.brown.edu-f56cb457" start="1613403087105" dump="1613403088680"/><sessioninfo id="hamzahs-mbp.devices.brown.edu-e8effadb" start="1613406742463" dump="1613406744154"/><sessioninfo id="hamzahs-mbp.devices.brown.edu-24d5c04d" start="1613406789968" dump="1613406791489"/><sessioninfo id="hamzahs-mbp.devices.brown.edu-74221db5" start="1613406863346" dump="1613406865440"/><sessioninfo id="hamzahs-mbp.devices.brown.edu-ad8e9b68" start="1613407187333" dump="1613407188856"/><sessioninfo id="hamzahs-mbp.devices.brown.edu-e0151351" start="1613407359590" dump="1613407361018"/><sessioninfo id="hamzahs-mbp.devices.brown.edu-f49c142b" start="1613407375881" dump="1613407377242"/><sessioninfo id="hamzahs-mbp.devices.brown.edu-1e5c9685" start="1613407523030" dump="1613407524638"/><sessioninfo id="hamzahs-mbp.devices.brown.edu-49cf5e" start="1613409010730" dump="1613409012052"/><sessioninfo id="hamzahs-mbp.devices.brown.edu-5cb9dce0" start="1613409082923" dump="1613409084400"/><sessioninfo id="hamzahs-mbp.devices.brown.edu-b6fd3306" start="1613409411818" dump="1613409413373"/><sessioninfo id="hamzahs-mbp.devices.brown.edu-f0ded54a" start="1613409577331" dump="1613409578714"/><sessioninfo id="hamzahs-mbp.devices.brown.edu-ced5f9e" start="1613409666259" dump="1613409667701"/><sessioninfo id="hamzahs-mbp.devices.brown.edu-9228cda8" start="1613409758376" dump="1613409759802"/><sessioninfo id="hamzahs-mbp.devices.brown.edu-9eff0de5" start="1613409784664" dump="1613409786631"/><sessioninfo id="hamzahs-mbp.devices.brown.edu-6d6bbe61" start="1613410272300" dump="1613410273830"/><sessioninfo id="hamzahs-mbp.devices.brown.edu-8815b33f" start="1613410775880" dump="1613410777364"/><sessioninfo id="hamzahs-mbp.devices.brown.edu-48aa0af4" start="1613415916043" dump="1613415917518"/><sessioninfo id="hamzahs-mbp.devices.brown.edu-cd4aad41" start="1613420876222" dump="1613420877848"/><sessioninfo id="hamzahs-mbp.devices.brown.edu-d29d25f4" start="1613420938929" dump="1613420940501"/><sessioninfo id="hamzahs-mbp.devices.brown.edu-81d36f6e" start="1613421099744" dump="1613421101257"/><sessioninfo id="hamzahs-mbp.devices.brown.edu-85e0f7e4" start="1613421751755" dump="1613421753512"/><sessioninfo id="hamzahs-mbp.devices.brown.edu-df3b6e4e" start="1613421773111" dump="1613421774625"/><sessioninfo id="hamzahs-mbp.devices.brown.edu-cf528b9b" start="1613421934618" dump="1613421936005"/><sessioninfo id="hamzahs-mbp.devices.brown.edu-6bfd90bb" start="1613421950648" dump="1613421952098"/><sessioninfo id="hamzahs-mbp.devices.brown.edu-99d4067" start="1613422424374" dump="1613422425804"/><sessioninfo id="hamzahs-mbp.devices.brown.edu-e6dbb583" start="1613422489152" dump="1613422490723"/><sessioninfo id="hamzahs-mbp.devices.brown.edu-68f5ea9e" start="1613423028192" dump="1613423029905"/><sessioninfo id="hamzahs-mbp.devices.brown.edu-d8cc0ea8" start="1613423328401" dump="1613423329984"/><sessioninfo id="hamzahs-mbp.devices.brown.edu-638d44bf" start="1613423348183" dump="1613423349578"/><sessioninfo id="hamzahs-mbp.devices.brown.edu-d2337d98" start="1613423765905" dump="1613423767446"/><sessioninfo id="hamzahs-mbp.devices.brown.edu-cba032c2" start="1613423785704" dump="1613423787528"/><sessioninfo id="hamzahs-mbp.devices.brown.edu-6d789dae" start="1613423875147" dump="1613423876653"/><sessioninfo id="hamzahs-mbp.devices.brown.edu-bda235ac" start="1613423890139" dump="1613423891632"/><sessioninfo id="hamzahs-mbp.devices.brown.edu-8a950f8f" start="1613423915680" dump="1613423917109"/><package name="edu/brown/cs/hshah9/REPL"><class name="edu/brown/cs/hshah9/REPL/REPL" sourcefilename="REPL.java"><method name="&lt;init&gt;" desc="()V" line="11"><counter type="INSTRUCTION" missed="3" covered="0"/><counter type="LINE" missed="1" covered="0"/><counter type="COMPLEXITY" missed="1" covered="0"/><counter type="METHOD" missed="1" covered="0"/></method><method name="runREPL" desc="()V" line="21"><counter type="INSTRUCTION" missed="33" covered="0"/><counter type="BRANCH" missed="2" covered="0"/><counter type="LINE" missed="9" covered="0"/><counter type="COMPLEXITY" missed="2" covered="0"/><counter type="METHOD" missed="1" covered="0"/></method><counter type="INSTRUCTION" missed="36" covered="0"/><counter type="BRANCH" missed="2" covered="0"/><counter type="LINE" missed="10" covered="0"/><counter type="COMPLEXITY" missed="3" covered="0"/><counter type="METHOD" missed="2" covered="0"/><counter type="CLASS" missed="1" covered="0"/></class><sourcefile name="REPL.java"><line nr="11" mi="3" ci="0" mb="0" cb="0"/><line nr="21" mi="9" ci="0" mb="0" cb="0"/><line nr="22" mi="5" ci="0" mb="0" cb="0"/><line nr="27" mi="9" ci="0" mb="0" cb="0"/><line nr="28" mi="1" ci="0" mb="0" cb="0"/><line nr="31" mi="2" ci="0" mb="2" cb="0"/><line nr="32" mi="1" ci="0" mb="0" cb="0"/><line nr="36" mi="4" ci="0" mb="0" cb="0"/><line nr="37" mi="1" ci="0" mb="0" cb="0"/><line nr="38" mi="1" ci="0" mb="0" cb="0"/><counter type="INSTRUCTION" missed="36" covered="0"/><counter type="BRANCH" missed="2" covered="0"/><counter type="LINE" missed="10" covered="0"/><counter type="COMPLEXITY" missed="3" covered="0"/><counter type="METHOD" missed="2" covered="0"/><counter type="CLASS" missed="1" covered="0"/></sourcefile><counter type="INSTRUCTION" missed="36" covered="0"/><counter type="BRANCH" missed="2" covered="0"/><counter type="LINE" missed="10" covered="0"/><counter type="COMPLEXITY" missed="3" covered="0"/><counter type="METHOD" missed="2" covered="0"/><counter type="CLASS" missed="1" covered="0"/></package><package name="edu/brown/cs/hshah9/KDTree"><class name="edu/brown/cs/hshah9/KDTree/KDNode" sourcefilename="KDNode.java"><method name="&lt;init&gt;" desc="(Ledu/brown/cs/hshah9/stars/HasCoordinates;Ledu/brown/cs/hshah9/KDTree/KDNode;Ledu/brown/cs/hshah9/KDTree/KDNode;)V" line="23"><counter type="INSTRUCTION" missed="0" covered="12"/><counter type="LINE" missed="0" covered="5"/><counter type="COMPLEXITY" missed="0" covered="1"/><counter type="METHOD" missed="0" covered="1"/></method><method name="setLeftChild" desc="(Ledu/brown/cs/hshah9/KDTree/KDNode;)V" line="34"><counter type="INSTRUCTION" missed="0" covered="4"/><counter type="LINE" missed="0" covered="2"/><counter type="COMPLEXITY" missed="0" covered="1"/><counter type="METHOD" missed="0" covered="1"/></method><method name="setRightChild" desc="(Ledu/brown/cs/hshah9/KDTree/KDNode;)V" line="42"><counter type="INSTRUCTION" missed="0" covered="4"/><counter type="LINE" missed="0" covered="2"/><counter type="COMPLEXITY" missed="0" covered="1"/><counter type="METHOD" missed="0" covered="1"/></method><method name="getLeft" desc="()Ledu/brown/cs/hshah9/KDTree/KDNode;" line="50"><counter type="INSTRUCTION" missed="0" covered="3"/><counter type="LINE" missed="0" covered="1"/><counter type="COMPLEXITY" missed="0" covered="1"/><counter type="METHOD" missed="0" covered="1"/></method><method name="getRight" desc="()Ledu/brown/cs/hshah9/KDTree/KDNode;" line="58"><counter type="INSTRUCTION" missed="0" covered="3"/><counter type="LINE" missed="0" covered="1"/><counter type="COMPLEXITY" missed="0" covered="1"/><counter type="METHOD" missed="0" covered="1"/></method><method name="getValue" desc="()Ledu/brown/cs/hshah9/stars/HasCoordinates;" line="66"><counter type="INSTRUCTION" missed="0" covered="3"/><counter type="LINE" missed="0" covered="1"/><counter type="COMPLEXITY" missed="0" covered="1"/><counter type="METHOD" missed="0" covered="1"/></method><counter type="INSTRUCTION" missed="0" covered="29"/><counter type="LINE" missed="0" covered="12"/><counter type="COMPLEXITY" missed="0" covered="6"/><counter type="METHOD" missed="0" covered="6"/><counter type="CLASS" missed="0" covered="1"/></class><class name="edu/brown/cs/hshah9/KDTree/KDTree" sourcefilename="KDTree.java"><method name="&lt;init&gt;" desc="(Ljava/util/ArrayList;II)V" line="27"><counter type="INSTRUCTION" missed="0" covered="24"/><counter type="LINE" missed="0" covered="5"/><counter type="COMPLEXITY" missed="0" covered="1"/><counter type="METHOD" missed="0" covered="1"/></method><method name="addNode" desc="(Ljava/util/List;Ljava/lang/Integer;Ljava/lang/Integer;)Ledu/brown/cs/hshah9/KDTree/KDNode;" line="44"><counter type="INSTRUCTION" missed="0" covered="70"/><counter type="BRANCH" missed="0" covered="2"/><counter type="LINE" missed="0" covered="12"/><counter type="COMPLEXITY" missed="0" covered="2"/><counter type="METHOD" missed="0" covered="1"/></method><method name="getRoot" desc="()Ledu/brown/cs/hshah9/KDTree/KDNode;" line="75"><counter type="INSTRUCTION" missed="0" covered="3"/><counter type="LINE" missed="0" covered="1"/><counter type="COMPLEXITY" missed="0" covered="1"/><counter type="METHOD" missed="0" covered="1"/></method><counter type="INSTRUCTION" missed="0" covered="97"/><counter type="BRANCH" missed="0" covered="2"/><counter type="LINE" missed="0" covered="18"/><counter type="COMPLEXITY" missed="0" covered="4"/><counter type="METHOD" missed="0" covered="3"/><counter type="CLASS" missed="0" covered="1"/></class><class name="edu/brown/cs/hshah9/KDTree/NodeComparator" sourcefilename="NodeComparator.java"><method name="&lt;init&gt;" desc="(Ljava/lang/Integer;)V" line="21"><counter type="INSTRUCTION" missed="0" covered="6"/><counter type="LINE" missed="0" covered="3"/><counter type="COMPLEXITY" missed="0" covered="1"/><counter type="METHOD" missed="0" covered="1"/></method><method name="compare" desc="(Ledu/brown/cs/hshah9/stars/HasCoordinates;Ledu/brown/cs/hshah9/stars/HasCoordinates;)I" line="28"><counter type="INSTRUCTION" missed="0" covered="34"/><counter type="BRANCH" missed="0" covered="4"/><counter type="LINE" missed="0" covered="5"/><counter type="COMPLEXITY" missed="0" covered="3"/><counter type="METHOD" missed="0" covered="1"/></method><counter type="INSTRUCTION" missed="0" covered="40"/><counter type="BRANCH" missed="0" covered="4"/><counter type="LINE" missed="0" covered="8"/><counter type="COMPLEXITY" missed="0" covered="4"/><counter type="METHOD" missed="0" covered="2"/><counter type="CLASS" missed="0" covered="1"/></class><sourcefile name="NodeComparator.java"><line nr="21" mi="0" ci="2" mb="0" cb="0"/><line nr="22" mi="0" ci="3" mb="0" cb="0"/><line nr="23" mi="0" ci="1" mb="0" cb="0"/><line nr="28" mi="0" ci="14" mb="0" cb="2"/><line nr="29" mi="0" ci="2" mb="0" cb="0"/><line nr="30" mi="0" ci="14" mb="0" cb="2"/><line nr="31" mi="0" ci="2" mb="0" cb="0"/><line nr="33" mi="0" ci="2" mb="0" cb="0"/><counter type="INSTRUCTION" missed="0" covered="40"/><counter type="BRANCH" missed="0" covered="4"/><counter type="LINE" missed="0" covered="8"/><counter type="COMPLEXITY" missed="0" covered="4"/><counter type="METHOD" missed="0" covered="2"/><counter type="CLASS" missed="0" covered="1"/></sourcefile><sourcefile name="KDNode.java"><line nr="23" mi="0" ci="2" mb="0" cb="0"/><line nr="24" mi="0" ci="3" mb="0" cb="0"/><line nr="25" mi="0" ci="3" mb="0" cb="0"/><line nr="26" mi="0" ci="3" mb="0" cb="0"/><line nr="27" mi="0" ci="1" mb="0" cb="0"/><line nr="34" mi="0" ci="3" mb="0" cb="0"/><line nr="35" mi="0" ci="1" mb="0" cb="0"/><line nr="42" mi="0" ci="3" mb="0" cb="0"/><line nr="43" mi="0" ci="1" mb="0" cb="0"/><line nr="50" mi="0" ci="3" mb="0" cb="0"/><line nr="58" mi="0" ci="3" mb="0" cb="0"/><line nr="66" mi="0" ci="3" mb="0" cb="0"/><counter type="INSTRUCTION" missed="0" covered="29"/><counter type="LINE" missed="0" covered="12"/><counter type="COMPLEXITY" missed="0" covered="6"/><counter type="METHOD" missed="0" covered="6"/><counter type="CLASS" missed="0" covered="1"/></sourcefile><sourcefile name="KDTree.java"><line nr="27" mi="0" ci="2" mb="0" cb="0"/><line nr="28" mi="0" ci="3" mb="0" cb="0"/><line nr="29" mi="0" ci="8" mb="0" cb="0"/><line nr="30" mi="0" ci="10" mb="0" cb="0"/><line nr="31" mi="0" ci="1" mb="0" cb="0"/><line nr="44" mi="0" ci="3" mb="0" cb="2"/><line nr="45" mi="0" ci="2" mb="0" cb="0"/><line nr="49" mi="0" ci="5" mb="0" cb="0"/><line nr="50" mi="0" ci="10" mb="0" cb="0"/><line nr="53" mi="0" ci="9" mb="0" cb="0"/><line nr="56" mi="0" ci="5" mb="0" cb="0"/><line nr="57" mi="0" ci="8" mb="0" cb="0"/><line nr="60" mi="0" ci="6" mb="0" cb="0"/><line nr="61" mi="0" ci="6" mb="0" cb="0"/><line nr="64" mi="0" ci="7" mb="0" cb="0"/><line nr="65" mi="0" ci="7" mb="0" cb="0"/><line nr="67" mi="0" ci="2" mb="0" cb="0"/><line nr="75" mi="0" ci="3" mb="0" cb="0"/><counter type="INSTRUCTION" missed="0" covered="97"/><counter type="BRANCH" missed="0" covered="2"/><counter type="LINE" missed="0" covered="18"/><counter type="COMPLEXITY" missed="0" covered="4"/><counter type="METHOD" missed="0" covered="3"/><counter type="CLASS" missed="0" covered="1"/></sourcefile><counter type="INSTRUCTION" missed="0" covered="166"/><counter type="BRANCH" missed="0" covered="6"/><counter type="LINE" missed="0" covered="38"/><counter type="COMPLEXITY" missed="0" covered="14"/><counter type="METHOD" missed="0" covered="11"/><counter type="CLASS" missed="0" covered="3"/></package><package name="edu/brown/cs/hshah9/Parser"><class name="edu/brown/cs/hshah9/Parser/Parser" sourcefilename="Parser.java"><method name="&lt;init&gt;" desc="(Ljava/lang/Object;)V" line="21"><counter type="INSTRUCTION" missed="0" covered="10"/><counter type="LINE" missed="0" covered="3"/><counter type="COMPLEXITY" missed="0" covered="1"/><counter type="METHOD" missed="0" covered="1"/></method><method name="parse" desc="(Ljava/lang/String;Ljava/lang/Integer;)[Ljava/lang/String;" line="37"><counter type="INSTRUCTION" missed="6" covered="15"/><counter type="BRANCH" missed="1" covered="1"/><counter type="LINE" missed="3" covered="5"/><counter type="COMPLEXITY" missed="1" covered="1"/><counter type="METHOD" missed="0" covered="1"/></method><counter type="INSTRUCTION" missed="6" covered="25"/><counter type="BRANCH" missed="1" covered="1"/><counter type="LINE" missed="3" covered="8"/><counter type="COMPLEXITY" missed="1" covered="2"/><counter type="METHOD" missed="0" covered="2"/><counter type="CLASS" missed="0" covered="1"/></class><sourcefile name="Parser.java"><line nr="21" mi="0" ci="2" mb="0" cb="0"/><line nr="22" mi="0" ci="7" mb="0" cb="0"/><line nr="23" mi="0" ci="1" mb="0" cb="0"/><line nr="37" mi="0" ci="2" mb="0" cb="0"/><line nr="39" mi="0" ci="4" mb="0" cb="0"/><line nr="40" mi="1" ci="0" mb="0" cb="0"/><line nr="41" mi="3" ci="0" mb="0" cb="0"/><line nr="42" mi="0" ci="1" mb="0" cb="0"/><line nr="45" mi="0" ci="2" mb="1" cb="1"/><line nr="46" mi="2" ci="0" mb="0" cb="0"/><line nr="49" mi="0" ci="6" mb="0" cb="0"/><counter type="INSTRUCTION" missed="6" covered="25"/><counter type="BRANCH" missed="1" covered="1"/><counter type="LINE" missed="3" covered="8"/><counter type="COMPLEXITY" missed="1" covered="2"/><counter type="METHOD" missed="0" covered="2"/><counter type="CLASS" missed="0" covered="1"/></sourcefile><counter type="INSTRUCTION" missed="6" covered="25"/><counter type="BRANCH" missed="1" covered="1"/><counter type="LINE" missed="3" covered="8"/><counter type="COMPLEXITY" missed="1" covered="2"/><counter type="METHOD" missed="0" covered="2"/><counter type="CLASS" missed="0" covered="1"/></package><package name="edu/brown/cs/hshah9/Mock"><class name="edu/brown/cs/hshah9/Mock/MockCommand" sourcefilename="MockCommand.java"><method name="&lt;init&gt;" desc="()V" line="16"><counter type="INSTRUCTION" missed="21" covered="0"/><counter type="LINE" missed="3" covered="0"/><counter type="COMPLEXITY" missed="1" covered="0"/><counter type="METHOD" missed="1" covered="0"/></method><method name="errorCheck" desc="([Ljava/lang/String;)Z" line="24"><counter type="INSTRUCTION" missed="35" covered="0"/><counter type="BRANCH" missed="2" covered="0"/><counter type="LINE" missed="10" covered="0"/><counter type="COMPLEXITY" missed="2" covered="0"/><counter type="METHOD" missed="1" covered="0"/></method><method name="execute" desc="([Ljava/lang/String;)I" line="48"><counter type="INSTRUCTION" missed="39" covered="0"/><counter type="BRANCH" missed="4" covered="0"/><counter type="LINE" missed="9" covered="0"/><counter type="COMPLEXITY" missed="3" covered="0"/><counter type="METHOD" missed="1" covered="0"/></method><counter type="INSTRUCTION" missed="95" covered="0"/><counter type="BRANCH" missed="6" covered="0"/><counter type="LINE" missed="22" covered="0"/><counter type="COMPLEXITY" missed="6" covered="0"/><counter type="METHOD" missed="3" covered="0"/><counter type="CLASS" missed="1" covered="0"/></class><class name="edu/brown/cs/hshah9/Mock/MockPerson" sourcefilename="MockPerson.java"><method name="&lt;init&gt;" desc="(Ljava/util/List;)V" line="21"><counter type="INSTRUCTION" missed="64" covered="0"/><counter type="BRANCH" missed="6" covered="0"/><counter type="LINE" missed="13" covered="0"/><counter type="COMPLEXITY" missed="4" covered="0"/><counter type="METHOD" missed="1" covered="0"/></method><method name="toString" desc="(Ledu/brown/cs/hshah9/Mock/MockPerson;)V" line="45"><counter type="INSTRUCTION" missed="18" covered="0"/><counter type="LINE" missed="2" covered="0"/><counter type="COMPLEXITY" missed="1" covered="0"/><counter type="METHOD" missed="1" covered="0"/></method><counter type="INSTRUCTION" missed="82" covered="0"/><counter type="BRANCH" missed="6" covered="0"/><counter type="LINE" missed="15" covered="0"/><counter type="COMPLEXITY" missed="5" covered="0"/><counter type="METHOD" missed="2" covered="0"/><counter type="CLASS" missed="1" covered="0"/></class><sourcefile name="MockPerson.java"><line nr="21" mi="2" ci="0" mb="0" cb="0"/><line nr="22" mi="6" ci="0" mb="0" cb="0"/><line nr="23" mi="6" ci="0" mb="0" cb="0"/><line nr="24" mi="6" ci="0" mb="0" cb="0"/><line nr="25" mi="6" ci="0" mb="0" cb="0"/><line nr="26" mi="6" ci="0" mb="0" cb="0"/><line nr="27" mi="6" ci="0" mb="0" cb="0"/><line nr="28" mi="6" ci="0" mb="0" cb="0"/><line nr="32" mi="6" ci="0" mb="4" cb="0"/><line nr="33" mi="5" ci="0" mb="0" cb="0"/><line nr="35" mi="5" ci="0" mb="2" cb="0"/><line nr="36" mi="3" ci="0" mb="0" cb="0"/><line nr="38" mi="1" ci="0" mb="0" cb="0"/><line nr="45" mi="17" ci="0" mb="0" cb="0"/><line nr="52" mi="1" ci="0" mb="0" cb="0"/><counter type="INSTRUCTION" missed="82" covered="0"/><counter type="BRANCH" missed="6" covered="0"/><counter type="LINE" missed="15" covered="0"/><counter type="COMPLEXITY" missed="5" covered="0"/><counter type="METHOD" missed="2" covered="0"/><counter type="CLASS" missed="1" covered="0"/></sourcefile><sourcefile name="MockCommand.java"><line nr="16" mi="2" ci="0" mb="0" cb="0"/><line nr="18" mi="13" ci="0" mb="0" cb="0"/><line nr="19" mi="6" ci="0" mb="0" cb="0"/><line nr="24" mi="9" ci="0" mb="2" cb="0"/><line nr="25" mi="3" ci="0" mb="0" cb="0"/><line nr="26" mi="2" ci="0" mb="0" cb="0"/><line nr="31" mi="4" ci="0" mb="0" cb="0"/><line nr="32" mi="8" ci="0" mb="0" cb="0"/><line nr="33" mi="1" ci="0" mb="0" cb="0"/><line nr="34" mi="3" ci="0" mb="0" cb="0"/><line nr="35" mi="2" ci="0" mb="0" cb="0"/><line nr="36" mi="1" ci="0" mb="0" cb="0"/><line nr="37" mi="2" ci="0" mb="0" cb="0"/><line nr="48" mi="4" ci="0" mb="2" cb="0"/><line nr="49" mi="4" ci="0" mb="0" cb="0"/><line nr="50" mi="4" ci="0" mb="0" cb="0"/><line nr="51" mi="4" ci="0" mb="0" cb="0"/><line nr="53" mi="8" ci="0" mb="2" cb="0"/><line nr="54" mi="8" ci="0" mb="0" cb="0"/><line nr="55" mi="3" ci="0" mb="0" cb="0"/><line nr="58" mi="2" ci="0" mb="0" cb="0"/><line nr="60" mi="2" ci="0" mb="0" cb="0"/><counter type="INSTRUCTION" missed="95" covered="0"/><counter type="BRANCH" missed="6" covered="0"/><counter type="LINE" missed="22" covered="0"/><counter type="COMPLEXITY" missed="6" covered="0"/><counter type="METHOD" missed="3" covered="0"/><counter type="CLASS" missed="1" covered="0"/></sourcefile><counter type="INSTRUCTION" missed="177" covered="0"/><counter type="BRANCH" missed="12" covered="0"/><counter type="LINE" missed="37" covered="0"/><counter type="COMPLEXITY" missed="11" covered="0"/><counter type="METHOD" missed="5" covered="0"/><counter type="CLASS" missed="2" covered="0"/></package><package name="edu/brown/cs/hshah9/stars"><class name="edu/brown/cs/hshah9/stars/StarsCommand" sourcefilename="StarsCommand.java"><method name="&lt;init&gt;" desc="()V" line="19"><counter type="INSTRUCTION" missed="0" covered="24"/><counter type="LINE" missed="0" covered="4"/><counter type="COMPLEXITY" missed="0" covered="1"/><counter type="METHOD" missed="0" covered="1"/></method><method name="errorCheck" desc="([Ljava/lang/String;)Z" line="39"><counter type="INSTRUCTION" missed="0" covered="52"/><counter type="BRANCH" missed="0" covered="4"/><counter type="LINE" missed="0" covered="15"/><counter type="COMPLEXITY" missed="0" covered="3"/><counter type="METHOD" missed="0" covered="1"/></method><method name="execute" desc="([Ljava/lang/String;)I" line="71"><counter type="INSTRUCTION" missed="3" covered="73"/><counter type="BRANCH" missed="1" covered="5"/><counter type="LINE" missed="1" covered="16"/><counter type="COMPLEXITY" missed="1" covered="3"/><counter type="METHOD" missed="0" covered="1"/></method><counter type="INSTRUCTION" missed="3" covered="149"/><counter type="BRANCH" missed="1" covered="9"/><counter type="LINE" missed="1" covered="35"/><counter type="COMPLEXITY" missed="1" covered="7"/><counter type="METHOD" missed="0" covered="3"/><counter type="CLASS" missed="0" covered="1"/></class><class name="edu/brown/cs/hshah9/stars/StarsApplication" sourcefilename="StarsApplication.java"><method name="&lt;init&gt;" desc="()V" line="18"><counter type="INSTRUCTION" missed="14" covered="0"/><counter type="LINE" missed="5" covered="0"/><counter type="COMPLEXITY" missed="1" covered="0"/><counter type="METHOD" missed="1" covered="0"/></method><method name="getOutput" desc="(Ljava/util/ArrayList;)Ljava/lang/String;" line="40"><counter type="INSTRUCTION" missed="23" covered="0"/><counter type="BRANCH" missed="2" covered="0"/><counter type="LINE" missed="4" covered="0"/><counter type="COMPLEXITY" missed="2" covered="0"/><counter type="METHOD" missed="1" covered="0"/></method><method name="run" desc="([Ljava/lang/String;)V" line="52"><counter type="INSTRUCTION" missed="46" covered="0"/><counter type="BRANCH" missed="8" covered="0"/><counter type="LINE" missed="11" covered="0"/><counter type="COMPLEXITY" missed="5" covered="0"/><counter type="METHOD" missed="1" covered="0"/></method><method name="createCommandsMap" desc="()Ljava/util/HashMap;" line="73"><counter type="INSTRUCTION" missed="48" covered="0"/><counter type="LINE" missed="8" covered="0"/><counter type="COMPLEXITY" missed="1" covered="0"/><counter type="METHOD" missed="1" covered="0"/></method><method name="validCommand" desc="(Ljava/util/HashMap;Ljava/lang/String;)Z" line="85"><counter type="INSTRUCTION" missed="5" covered="0"/><counter type="LINE" missed="1" covered="0"/><counter type="COMPLEXITY" missed="1" covered="0"/><counter type="METHOD" missed="1" covered="0"/></method><method name="getDelim" desc="()Ljava/lang/String;" line="93"><counter type="INSTRUCTION" missed="3" covered="0"/><counter type="LINE" missed="1" covered="0"/><counter type="COMPLEXITY" missed="1" covered="0"/><counter type="METHOD" missed="1" covered="0"/></method><method name="getParseLimit" desc="()Ljava/lang/Integer;" line="101"><counter type="INSTRUCTION" missed="3" covered="0"/><counter type="LINE" missed="1" covered="0"/><counter type="COMPLEXITY" missed="1" covered="0"/><counter type="METHOD" missed="1" covered="0"/></method><counter type="INSTRUCTION" missed="142" covered="0"/><counter type="BRANCH" missed="10" covered="0"/><counter type="LINE" missed="31" covered="0"/><counter type="COMPLEXITY" missed="12" covered="0"/><counter type="METHOD" missed="7" covered="0"/><counter type="CLASS" missed="1" covered="0"/></class><class name="edu/brown/cs/hshah9/stars/Main$RadiusNameHandler" sourcefilename="Main.java"><method name="handle" desc="(Lspark/Request;Lspark/Response;)Lspark/ModelAndView;" line="127"><counter type="INSTRUCTION" missed="123" covered="0"/><counter type="BRANCH" missed="10" covered="0"/><counter type="LINE" missed="25" covered="0"/><counter type="COMPLEXITY" missed="6" covered="0"/><counter type="METHOD" missed="1" covered="0"/></method><counter type="INSTRUCTION" missed="123" covered="0"/><counter type="BRANCH" missed="10" covered="0"/><counter type="LINE" missed="25" covered="0"/><counter type="COMPLEXITY" missed="6" covered="0"/><counter type="METHOD" missed="1" covered="0"/><counter type="CLASS" missed="1" covered="0"/></class><class name="edu/brown/cs/hshah9/stars/MainFourCommands" sourcefilename="MainFourCommands.java"><method name="&lt;init&gt;" desc="()V" line="18"><counter type="INSTRUCTION" missed="0" covered="21"/><counter type="LINE" missed="0" covered="3"/><counter type="COMPLEXITY" missed="0" covered="1"/><counter type="METHOD" missed="0" covered="1"/></method><method name="getErrorMessage" desc="()Ljava/lang/String;" line="35"><counter type="INSTRUCTION" missed="0" covered="3"/><counter type="LINE" missed="0" covered="1"/><counter type="COMPLEXITY" missed="0" covered="1"/><counter type="METHOD" missed="0" covered="1"/></method><method name="errorCheck" desc="([Ljava/lang/String;I)Z" line="57"><counter type="INSTRUCTION" missed="22" covered="62"/><counter type="BRANCH" missed="4" covered="12"/><counter type="LINE" missed="8" covered="15"/><counter type="COMPLEXITY" missed="4" covered="5"/><counter type="METHOD" missed="0" covered="1"/></method><method name="numNeighOrRadiusErrorCheck" desc="(ILjava/lang/String;)Z" line="104"><counter type="INSTRUCTION" missed="38" covered="33"/><counter type="BRANCH" missed="3" covered="9"/><counter type="LINE" missed="14" covered="11"/><counter type="COMPLEXITY" missed="3" covered="4"/><counter type="METHOD" missed="0" covered="1"/></method><method name="nameVersionErrorCheck" desc="([Ljava/lang/String;)Z" line="141"><counter type="INSTRUCTION" missed="18" covered="39"/><counter type="BRANCH" missed="4" covered="4"/><counter type="LINE" missed="6" covered="7"/><counter type="COMPLEXITY" missed="4" covered="1"/><counter type="METHOD" missed="0" covered="1"/></method><method name="corVersionErrorCheck" desc="([Ljava/lang/String;)Z" line="165"><counter type="INSTRUCTION" missed="10" covered="24"/><counter type="LINE" missed="4" covered="8"/><counter type="COMPLEXITY" missed="0" covered="1"/><counter type="METHOD" missed="0" covered="1"/></method><method name="starExists" desc="(Ljava/lang/String;)Z" line="189"><counter type="INSTRUCTION" missed="0" covered="8"/><counter type="LINE" missed="0" covered="2"/><counter type="COMPLEXITY" missed="0" covered="1"/><counter type="METHOD" missed="0" covered="1"/></method><method name="getCoordinates" desc="(Ljava/lang/String;)[D" line="199"><counter type="INSTRUCTION" missed="0" covered="9"/><counter type="LINE" missed="0" covered="2"/><counter type="COMPLEXITY" missed="0" covered="1"/><counter type="METHOD" missed="0" covered="1"/></method><method name="determinePOI" desc="([Ljava/lang/String;Z)[D" line="212"><counter type="INSTRUCTION" missed="0" covered="45"/><counter type="BRANCH" missed="0" covered="2"/><counter type="LINE" missed="0" covered="9"/><counter type="COMPLEXITY" missed="0" covered="2"/><counter type="METHOD" missed="0" covered="1"/></method><method name="calcDistance" desc="([DLedu/brown/cs/hshah9/stars/Star;)D" line="234"><counter type="INSTRUCTION" missed="0" covered="58"/><counter type="LINE" missed="0" covered="8"/><counter type="COMPLEXITY" missed="0" covered="1"/><counter type="METHOD" missed="0" covered="1"/></method><method name="sortList" desc="(Ljava/util/ArrayList;Ljava/util/Comparator;)Ljava/util/ArrayList;" line="257"><counter type="INSTRUCTION" missed="0" covered="5"/><counter type="LINE" missed="0" covered="2"/><counter type="COMPLEXITY" missed="0" covered="1"/><counter type="METHOD" missed="0" covered="1"/></method><method name="printIds" desc="(Ljava/util/ArrayList;)V" line="267"><counter type="INSTRUCTION" missed="0" covered="16"/><counter type="BRANCH" missed="0" covered="2"/><counter type="LINE" missed="0" covered="3"/><counter type="COMPLEXITY" missed="0" covered="2"/><counter type="METHOD" missed="0" covered="1"/></method><counter type="INSTRUCTION" missed="88" covered="323"/><counter type="BRANCH" missed="11" covered="29"/><counter type="LINE" missed="32" covered="71"/><counter type="COMPLEXITY" missed="11" covered="21"/><counter type="METHOD" missed="0" covered="12"/><counter type="CLASS" missed="0" covered="1"/></class><class name="edu/brown/cs/hshah9/stars/NaiveNeighborsCommand" sourcefilename="NaiveNeighborsCommand.java"><method name="&lt;init&gt;" desc="()V" line="12"><counter type="INSTRUCTION" missed="0" covered="8"/><counter type="LINE" missed="0" covered="2"/><counter type="COMPLEXITY" missed="0" covered="1"/><counter type="METHOD" missed="0" covered="1"/></method><method name="execute" desc="([Ljava/lang/String;)I" line="30"><counter type="INSTRUCTION" missed="2" covered="96"/><counter type="BRANCH" missed="1" covered="7"/><counter type="LINE" missed="1" covered="17"/><counter type="COMPLEXITY" missed="1" covered="4"/><counter type="METHOD" missed="0" covered="1"/></method><method name="getFinalList" desc="()Ljava/util/ArrayList;" line="73"><counter type="INSTRUCTION" missed="0" covered="3"/><counter type="LINE" missed="0" covered="1"/><counter type="COMPLEXITY" missed="0" covered="1"/><counter type="METHOD" missed="0" covered="1"/></method><method name="getPrintList" desc="(Ljava/lang/Integer;Ljava/util/ArrayList;ZLjava/lang/String;)Ljava/util/ArrayList;" line="81"><counter type="INSTRUCTION" missed="66" covered="42"/><counter type="BRANCH" missed="6" covered="6"/><counter type="LINE" missed="14" covered="10"/><counter type="COMPLEXITY" missed="4" covered="3"/><counter type="METHOD" missed="0" covered="1"/></method><method name="getStarsOfInterest" desc="(Ljava/util/ArrayList;DLjava/lang/String;Z)Ljava/util/ArrayList;" line="146"><counter type="INSTRUCTION" missed="57" covered="0"/><counter type="BRANCH" missed="8" covered="0"/><counter type="LINE" missed="11" covered="0"/><counter type="COMPLEXITY" missed="5" covered="0"/><counter type="METHOD" missed="1" covered="0"/></method><method name="chooseRandomly" desc="(Ljava/util/ArrayList;Ljava/lang/Integer;Ljava/util/ArrayList;)Ljava/util/ArrayList;" line="185"><counter type="INSTRUCTION" missed="0" covered="57"/><counter type="BRANCH" missed="0" covered="2"/><counter type="LINE" missed="0" covered="10"/><counter type="COMPLEXITY" missed="0" covered="2"/><counter type="METHOD" missed="0" covered="1"/></method><method name="createForSureSet" desc="(Ljava/util/ArrayList;Ljava/lang/Integer;)Ljava/util/ArrayList;" line="205"><counter type="INSTRUCTION" missed="21" covered="0"/><counter type="BRANCH" missed="2" covered="0"/><counter type="LINE" missed="4" covered="0"/><counter type="COMPLEXITY" missed="2" covered="0"/><counter type="METHOD" missed="1" covered="0"/></method><method name="createEqualitySet" desc="(Ljava/lang/Integer;Ljava/lang/Integer;Ljava/util/ArrayList;)Ljava/util/ArrayList;" line="215"><counter type="INSTRUCTION" missed="22" covered="0"/><counter type="BRANCH" missed="2" covered="0"/><counter type="LINE" missed="4" covered="0"/><counter type="COMPLEXITY" missed="2" covered="0"/><counter type="METHOD" missed="1" covered="0"/></method><method name="getFirstIndex" desc="(Ljava/util/ArrayList;Ljava/lang/Double;)Ljava/lang/Integer;" line="231"><counter type="INSTRUCTION" missed="25" covered="0"/><counter type="BRANCH" missed="4" covered="0"/><counter type="LINE" missed="4" covered="0"/><counter type="COMPLEXITY" missed="3" covered="0"/><counter type="METHOD" missed="1" covered="0"/></method><counter type="INSTRUCTION" missed="193" covered="206"/><counter type="BRANCH" missed="23" covered="15"/><counter type="LINE" missed="38" covered="40"/><counter type="COMPLEXITY" missed="17" covered="11"/><counter type="METHOD" missed="4" covered="5"/><counter type="CLASS" missed="0" covered="1"/></class><class name="edu/brown/cs/hshah9/stars/NaiveRadiusCommand" sourcefilename="NaiveRadiusCommand.java"><method name="&lt;init&gt;" desc="()V" line="10"><counter type="INSTRUCTION" missed="0" covered="8"/><counter type="LINE" missed="0" covered="2"/><counter type="COMPLEXITY" missed="0" covered="1"/><counter type="METHOD" missed="0" covered="1"/></method><method name="execute" desc="([Ljava/lang/String;)I" line="29"><counter type="INSTRUCTION" missed="2" covered="94"/><counter type="BRANCH" missed="1" covered="7"/><counter type="LINE" missed="1" covered="18"/><counter type="COMPLEXITY" missed="1" covered="4"/><counter type="METHOD" missed="0" covered="1"/></method><method name="getFinalList" desc="()Ljava/util/ArrayList;" line="73"><counter type="INSTRUCTION" missed="0" covered="3"/><counter type="LINE" missed="0" covered="1"/><counter type="COMPLEXITY" missed="0" covered="1"/><counter type="METHOD" missed="0" covered="1"/></method><method name="getPrintList" desc="(DLjava/util/ArrayList;ZLjava/lang/String;)Ljava/util/ArrayList;" line="90"><counter type="INSTRUCTION" missed="4" covered="33"/><counter type="BRANCH" missed="3" covered="5"/><counter type="LINE" missed="1" covered="7"/><counter type="COMPLEXITY" missed="3" covered="2"/><counter type="METHOD" missed="0" covered="1"/></method><counter type="INSTRUCTION" missed="6" covered="138"/><counter type="BRANCH" missed="4" covered="12"/><counter type="LINE" missed="2" covered="28"/><counter type="COMPLEXITY" missed="4" covered="8"/><counter type="METHOD" missed="0" covered="4"/><counter type="CLASS" missed="0" covered="1"/></class><class name="edu/brown/cs/hshah9/stars/HasCoordinates" sourcefilename="HasCoordinates.java"/><class name="edu/brown/cs/hshah9/stars/Star" sourcefilename="Star.java"><method name="&lt;init&gt;" desc="(Ljava/util/List;)V" line="18"><counter type="INSTRUCTION" missed="0" covered="42"/><counter type="BRANCH" missed="0" covered="2"/><counter type="LINE" missed="0" covered="8"/><counter type="COMPLEXITY" missed="0" covered="2"/><counter type="METHOD" missed="0" covered="1"/></method><method name="setDistance" desc="(Ljava/lang/Double;)V" line="40"><counter type="INSTRUCTION" missed="0" covered="4"/><counter type="LINE" missed="0" covered="2"/><counter type="COMPLEXITY" missed="0" covered="1"/><counter type="METHOD" missed="0" covered="1"/></method><method name="getDistance" desc="()Ljava/lang/Double;" line="48"><counter type="INSTRUCTION" missed="0" covered="3"/><counter type="LINE" missed="0" covered="1"/><counter type="COMPLEXITY" missed="0" covered="1"/><counter type="METHOD" missed="0" covered="1"/></method><method name="getId" desc="()Ljava/lang/String;" line="56"><counter type="INSTRUCTION" missed="0" covered="3"/><counter type="LINE" missed="0" covered="1"/><counter type="COMPLEXITY" missed="0" covered="1"/><counter type="METHOD" missed="0" covered="1"/></method><method name="getName" desc="()Ljava/lang/String;" line="64"><counter type="INSTRUCTION" missed="0" covered="3"/><counter type="LINE" missed="0" covered="1"/><counter type="COMPLEXITY" missed="0" covered="1"/><counter type="METHOD" missed="0" covered="1"/></method><method name="getCoors" desc="()[D" line="74"><counter type="INSTRUCTION" missed="0" covered="3"/><counter type="LINE" missed="0" covered="1"/><counter type="COMPLEXITY" missed="0" covered="1"/><counter type="METHOD" missed="0" covered="1"/></method><counter type="INSTRUCTION" missed="0" covered="58"/><counter type="BRANCH" missed="0" covered="2"/><counter type="LINE" missed="0" covered="14"/><counter type="COMPLEXITY" missed="0" covered="7"/><counter type="METHOD" missed="0" covered="6"/><counter type="CLASS" missed="0" covered="1"/></class><class name="edu/brown/cs/hshah9/stars/RadiusCommand" sourcefilename="RadiusCommand.java"><method name="&lt;init&gt;" desc="()V" line="20"><counter type="INSTRUCTION" missed="0" covered="3"/><counter type="LINE" missed="0" covered="1"/><counter type="COMPLEXITY" missed="0" covered="1"/><counter type="METHOD" missed="0" covered="1"/></method><method name="execute" desc="([Ljava/lang/String;)I" line="33"><counter type="INSTRUCTION" missed="2" covered="84"/><counter type="BRANCH" missed="1" covered="5"/><counter type="LINE" missed="1" covered="16"/><counter type="COMPLEXITY" missed="1" covered="3"/><counter type="METHOD" missed="0" covered="1"/></method><method name="getFinalList" desc="()Ljava/util/ArrayList;" line="73"><counter type="INSTRUCTION" missed="0" covered="3"/><counter type="LINE" missed="0" covered="1"/><counter type="COMPLEXITY" missed="0" covered="1"/><counter type="METHOD" missed="0" covered="1"/></method><method name="runAlgorithm" desc="(Ledu/brown/cs/hshah9/KDTree/KDNode;[DDLjava/lang/Integer;Ljava/lang/Integer;ZLjava/lang/String;)V" line="91"><counter type="INSTRUCTION" missed="25" covered="124"/><counter type="BRANCH" missed="3" covered="11"/><counter type="LINE" missed="3" covered="19"/><counter type="COMPLEXITY" missed="3" covered="5"/><counter type="METHOD" missed="0" covered="1"/></method><counter type="INSTRUCTION" missed="27" covered="214"/><counter type="BRANCH" missed="4" covered="16"/><counter type="LINE" missed="4" covered="37"/><counter type="COMPLEXITY" missed="4" covered="10"/><counter type="METHOD" missed="0" covered="4"/><counter type="CLASS" missed="0" covered="1"/></class><class name="edu/brown/cs/hshah9/stars/Main$ExceptionPrinter" sourcefilename="Main.java"><method name="handle" desc="(Ljava/lang/Exception;Lspark/Request;Lspark/Response;)V" line="366"><counter type="INSTRUCTION" missed="26" covered="0"/><counter type="LINE" missed="8" covered="0"/><counter type="COMPLEXITY" missed="1" covered="0"/><counter type="METHOD" missed="1" covered="0"/></method><counter type="INSTRUCTION" missed="26" covered="0"/><counter type="LINE" missed="8" covered="0"/><counter type="COMPLEXITY" missed="1" covered="0"/><counter type="METHOD" missed="1" covered="0"/><counter type="CLASS" missed="1" covered="0"/></class><class name="edu/brown/cs/hshah9/stars/Main$FrontHandler" sourcefilename="Main.java"><method name="handle" desc="(Lspark/Request;Lspark/Response;)Lspark/ModelAndView;" line="104"><counter type="INSTRUCTION" missed="18" covered="0"/><counter type="LINE" missed="2" covered="0"/><counter type="COMPLEXITY" missed="1" covered="0"/><counter type="METHOD" missed="1" covered="0"/></method><counter type="INSTRUCTION" missed="18" covered="0"/><counter type="LINE" missed="2" covered="0"/><counter type="COMPLEXITY" missed="1" covered="0"/><counter type="METHOD" missed="1" covered="0"/><counter type="CLASS" missed="1" covered="0"/></class><class name="edu/brown/cs/hshah9/stars/Main$NeighborsCorHandler" sourcefilename="Main.java"><method name="handle" desc="(Lspark/Request;Lspark/Response;)Lspark/ModelAndView;" line="311"><counter type="INSTRUCTION" missed="149" covered="0"/><counter type="BRANCH" missed="10" covered="0"/><counter type="LINE" missed="29" covered="0"/><counter type="COMPLEXITY" missed="6" covered="0"/><counter type="METHOD" missed="1" covered="0"/></method><counter type="INSTRUCTION" missed="149" covered="0"/><counter type="BRANCH" missed="10" covered="0"/><counter type="LINE" missed="29" covered="0"/><counter type="COMPLEXITY" missed="6" covered="0"/><counter type="METHOD" missed="1" covered="0"/><counter type="CLASS" missed="1" covered="0"/></class><class name="edu/brown/cs/hshah9/stars/SharedData" sourcefilename="SharedData.java"><method name="&lt;init&gt;" desc="()V" line="26"><counter type="INSTRUCTION" missed="0" covered="14"/><counter type="LINE" missed="0" covered="5"/><counter type="COMPLEXITY" missed="0" covered="1"/><counter type="METHOD" missed="0" covered="1"/></method><method name="getInstance" desc="()Ledu/brown/cs/hshah9/stars/SharedData;" line="38"><counter type="INSTRUCTION" missed="0" covered="8"/><counter type="BRANCH" missed="0" covered="2"/><counter type="LINE" missed="0" covered="3"/><counter type="COMPLEXITY" missed="0" covered="2"/><counter type="METHOD" missed="0" covered="1"/></method><method name="setRoot" desc="(Ledu/brown/cs/hshah9/KDTree/KDNode;)V" line="49"><counter type="INSTRUCTION" missed="0" covered="4"/><counter type="LINE" missed="0" covered="2"/><counter type="COMPLEXITY" missed="0" covered="1"/><counter type="METHOD" missed="0" covered="1"/></method><method name="getRoot" desc="()Ledu/brown/cs/hshah9/KDTree/KDNode;" line="57"><counter type="INSTRUCTION" missed="0" covered="3"/><counter type="LINE" missed="0" covered="1"/><counter type="COMPLEXITY" missed="0" covered="1"/><counter type="METHOD" missed="0" covered="1"/></method><method name="setStarsData" desc="(Ljava/util/ArrayList;)V" line="65"><counter type="INSTRUCTION" missed="0" covered="4"/><counter type="LINE" missed="0" covered="2"/><counter type="COMPLEXITY" missed="0" covered="1"/><counter type="METHOD" missed="0" covered="1"/></method><method name="getStarsData" desc="()Ljava/util/ArrayList;" line="73"><counter type="INSTRUCTION" missed="0" covered="3"/><counter type="LINE" missed="0" covered="1"/><counter type="COMPLEXITY" missed="0" covered="1"/><counter type="METHOD" missed="0" covered="1"/></method><method name="setNameToStar" desc="(Ljava/util/ArrayList;)V" line="81"><counter type="INSTRUCTION" missed="0" covered="22"/><counter type="BRANCH" missed="0" covered="2"/><counter type="LINE" missed="0" covered="3"/><counter type="COMPLEXITY" missed="0" covered="2"/><counter type="METHOD" missed="0" covered="1"/></method><method name="getNameToStar" desc="()Ljava/util/HashMap;" line="91"><counter type="INSTRUCTION" missed="0" covered="3"/><counter type="LINE" missed="0" covered="1"/><counter type="COMPLEXITY" missed="0" covered="1"/><counter type="METHOD" missed="0" covered="1"/></method><method name="&lt;clinit&gt;" desc="()V" line="20"><counter type="INSTRUCTION" missed="0" covered="3"/><counter type="LINE" missed="0" covered="1"/><counter type="COMPLEXITY" missed="0" covered="1"/><counter type="METHOD" missed="0" covered="1"/></method><counter type="INSTRUCTION" missed="0" covered="64"/><counter type="BRANCH" missed="0" covered="4"/><counter type="LINE" missed="0" covered="19"/><counter type="COMPLEXITY" missed="0" covered="11"/><counter type="METHOD" missed="0" covered="9"/><counter type="CLASS" missed="0" covered="1"/></class><class name="edu/brown/cs/hshah9/stars/NeighborsCommand" sourcefilename="NeighborsCommand.java"><method name="&lt;init&gt;" desc="()V" line="19"><counter type="INSTRUCTION" missed="0" covered="8"/><counter type="LINE" missed="0" covered="2"/><counter type="COMPLEXITY" missed="0" covered="1"/><counter type="METHOD" missed="0" covered="1"/></method><method name="execute" desc="([Ljava/lang/String;)I" line="37"><counter type="INSTRUCTION" missed="2" covered="107"/><counter type="BRANCH" missed="2" covered="6"/><counter type="LINE" missed="1" covered="21"/><counter type="COMPLEXITY" missed="2" covered="3"/><counter type="METHOD" missed="0" covered="1"/></method><method name="getFinalList" desc="()Ljava/util/ArrayList;" line="87"><counter type="INSTRUCTION" missed="0" covered="3"/><counter type="LINE" missed="0" covered="1"/><counter type="COMPLEXITY" missed="0" covered="1"/><counter type="METHOD" missed="0" covered="1"/></method><method name="pqToList" desc="(Ljava/util/PriorityQueue;)Ljava/util/ArrayList;" line="92"><counter type="INSTRUCTION" missed="0" covered="21"/><counter type="BRANCH" missed="0" covered="2"/><counter type="LINE" missed="0" covered="7"/><counter type="COMPLEXITY" missed="0" covered="2"/><counter type="METHOD" missed="0" covered="1"/></method><method name="addToPQ" desc="(Ledu/brown/cs/hshah9/stars/Star;[DLjava/lang/Integer;)V" line="104"><counter type="INSTRUCTION" missed="64" covered="20"/><counter type="BRANCH" missed="7" covered="1"/><counter type="LINE" missed="11" covered="4"/><counter type="COMPLEXITY" missed="4" covered="1"/><counter type="METHOD" missed="0" covered="1"/></method><method name="runAlgorithm" desc="(Ledu/brown/cs/hshah9/KDTree/KDNode;[DLjava/lang/Integer;Ljava/lang/Integer;Ljava/lang/Integer;ZLjava/lang/String;)V" line="144"><counter type="INSTRUCTION" missed="54" covered="101"/><counter type="BRANCH" missed="8" covered="8"/><counter type="LINE" missed="6" covered="17"/><counter type="COMPLEXITY" missed="5" covered="4"/><counter type="METHOD" missed="0" covered="1"/></method><counter type="INSTRUCTION" missed="120" covered="260"/><counter type="BRANCH" missed="17" covered="17"/><counter type="LINE" missed="18" covered="52"/><counter type="COMPLEXITY" missed="11" covered="12"/><counter type="METHOD" missed="0" covered="6"/><counter type="CLASS" missed="0" covered="1"/></class><class name="edu/brown/cs/hshah9/stars/Main$NeighborsNameHandler" sourcefilename="Main.java"><method name="handle" desc="(Lspark/Request;Lspark/Response;)Lspark/ModelAndView;" line="250"><counter type="INSTRUCTION" missed="123" covered="0"/><counter type="BRANCH" missed="10" covered="0"/><counter type="LINE" missed="25" covered="0"/><counter type="COMPLEXITY" missed="6" covered="0"/><counter type="METHOD" missed="1" covered="0"/></method><counter type="INSTRUCTION" missed="123" covered="0"/><counter type="BRANCH" missed="10" covered="0"/><counter type="LINE" missed="25" covered="0"/><counter type="COMPLEXITY" missed="6" covered="0"/><counter type="METHOD" missed="1" covered="0"/><counter type="CLASS" missed="1" covered="0"/></class><class name="edu/brown/cs/hshah9/stars/Main$RadiusCorHandler" sourcefilename="Main.java"><method name="handle" desc="(Lspark/Request;Lspark/Response;)Lspark/ModelAndView;" line="186"><counter type="INSTRUCTION" missed="149" covered="0"/><counter type="BRANCH" missed="10" covered="0"/><counter type="LINE" missed="29" covered="0"/><counter type="COMPLEXITY" missed="6" covered="0"/><counter type="METHOD" missed="1" covered="0"/></method><counter type="INSTRUCTION" missed="149" covered="0"/><counter type="BRANCH" missed="10" covered="0"/><counter type="LINE" missed="29" covered="0"/><counter type="COMPLEXITY" missed="6" covered="0"/><counter type="METHOD" missed="1" covered="0"/><counter type="CLASS" missed="1" covered="0"/></class><class name="edu/brown/cs/hshah9/stars/Main" sourcefilename="Main.java"><method name="main" desc="([Ljava/lang/String;)V" line="39"><counter type="INSTRUCTION" missed="6" covered="0"/><counter type="LINE" missed="2" covered="0"/><counter type="COMPLEXITY" missed="1" covered="0"/><counter type="METHOD" missed="1" covered="0"/></method><method name="&lt;init&gt;" desc="([Ljava/lang/String;)V" line="44"><counter type="INSTRUCTION" missed="6" covered="0"/><counter type="LINE" missed="3" covered="0"/><counter type="COMPLEXITY" missed="1" covered="0"/><counter type="METHOD" missed="1" covered="0"/></method><method name="run" desc="()V" line="50"><counter type="INSTRUCTION" missed="43" covered="0"/><counter type="BRANCH" missed="2" covered="0"/><counter type="LINE" missed="10" covered="0"/><counter type="COMPLEXITY" missed="2" covered="0"/><counter type="METHOD" missed="1" covered="0"/></method><method name="createEngine" desc="()Lspark/template/freemarker/FreeMarkerEngine;" line="70"><counter type="INSTRUCTION" missed="31" covered="0"/><counter type="LINE" missed="8" covered="0"/><counter type="COMPLEXITY" missed="1" covered="0"/><counter type="METHOD" missed="1" covered="0"/></method><method name="runSparkServer" desc="(I)V" line="83"><counter type="INSTRUCTION" missed="42" covered="0"/><counter type="LINE" missed="10" covered="0"/><counter type="COMPLEXITY" missed="1" covered="0"/><counter type="METHOD" missed="1" covered="0"/></method><counter type="INSTRUCTION" missed="128" covered="0"/><counter type="BRANCH" missed="2" covered="0"/><counter type="LINE" missed="33" covered="0"/><counter type="COMPLEXITY" missed="6" covered="0"/><counter type="METHOD" missed="5" covered="0"/><counter type="CLASS" missed="1" covered="0"/></class><class name="edu/brown/cs/hshah9/stars/CommandManager" sourcefilename="CommandManager.java"/><class name="edu/brown/cs/hshah9/stars/EuclideanDistComparator" sourcefilename="EuclideanDistComparator.java"><method name="&lt;init&gt;" desc="(I)V" line="18"><counter type="INSTRUCTION" missed="0" covered="6"/><counter type="LINE" missed="0" covered="3"/><counter type="COMPLEXITY" missed="0" covered="1"/><counter type="METHOD" missed="0" covered="1"/></method><method name="compare" desc="(Ledu/brown/cs/hshah9/stars/HasCoordinates;Ledu/brown/cs/hshah9/stars/HasCoordinates;)I" line="26"><counter type="INSTRUCTION" missed="2" covered="26"/><counter type="BRANCH" missed="1" covered="3"/><counter type="LINE" missed="1" covered="4"/><counter type="COMPLEXITY" missed="1" covered="2"/><counter type="METHOD" missed="0" covered="1"/></method><counter type="INSTRUCTION" missed="2" covered="32"/><counter type="BRANCH" missed="1" covered="3"/><counter type="LINE" missed="1" covered="7"/><counter type="COMPLEXITY" missed="1" covered="3"/><counter type="METHOD" missed="0" covered="2"/><counter type="CLASS" missed="0" covered="1"/></class><sourcefile name="CommandManager.java"/><sourcefile name="NaiveNeighborsCommand.java"><line nr="12" mi="0" ci="5" mb="0" cb="0"/><line nr="17" mi="0" ci="3" mb="0" cb="0"/><line nr="30" mi="0" ci="5" mb="1" cb="1"/><line nr="32" mi="0" ci="3" mb="0" cb="0"/><line nr="34" mi="0" ci="6" mb="0" cb="0"/><line nr="35" mi="0" ci="6" mb="0" cb="0"/><line nr="36" mi="0" ci="8" mb="0" cb="2"/><line nr="39" mi="0" ci="5" mb="0" cb="0"/><line nr="40" mi="0" ci="8" mb="0" cb="2"/><line nr="41" mi="0" ci="9" mb="0" cb="0"/><line nr="42" mi="0" ci="6" mb="0" cb="0"/><line nr="46" mi="0" ci="8" mb="0" cb="0"/><line nr="49" mi="0" ci="2" mb="0" cb="2"/><line nr="50" mi="0" ci="13" mb="0" cb="0"/><line nr="52" mi="0" ci="2" mb="0" cb="0"/><line nr="56" mi="0" ci="7" mb="0" cb="0"/><line nr="58" mi="0" ci="3" mb="0" cb="0"/><line nr="59" mi="0" ci="3" mb="0" cb="0"/><line nr="61" mi="0" ci="2" mb="0" cb="0"/><line nr="64" mi="2" ci="0" mb="0" cb="0"/><line nr="73" mi="0" ci="3" mb="0" cb="0"/><line nr="81" mi="0" ci="4" mb="0" cb="0"/><line nr="85" mi="0" ci="3" mb="1" cb="1"/><line nr="89" mi="0" ci="5" mb="1" cb="1"/><line nr="91" mi="0" ci="8" mb="0" cb="2"/><line nr="92" mi="0" ci="7" mb="0" cb="0"/><line nr="95" mi="0" ci="2" mb="0" cb="2"/><line nr="96" mi="0" ci="6" mb="0" cb="0"/><line nr="97" mi="0" ci="4" mb="0" cb="0"/><line nr="98" mi="0" ci="1" mb="0" cb="0"/><line nr="106" mi="2" ci="0" mb="2" cb="0"/><line nr="107" mi="4" ci="0" mb="0" cb="0"/><line nr="109" mi="5" ci="0" mb="0" cb="0"/><line nr="113" mi="6" ci="0" mb="0" cb="0"/><line nr="116" mi="8" ci="0" mb="0" cb="0"/><line nr="121" mi="5" ci="0" mb="2" cb="0"/><line nr="123" mi="5" ci="0" mb="0" cb="0"/><line nr="124" mi="4" ci="0" mb="0" cb="0"/><line nr="127" mi="5" ci="0" mb="0" cb="0"/><line nr="128" mi="6" ci="0" mb="0" cb="0"/><line nr="129" mi="7" ci="0" mb="0" cb="0"/><line nr="132" mi="6" ci="0" mb="0" cb="0"/><line nr="133" mi="1" ci="0" mb="0" cb="0"/><line nr="134" mi="2" ci="0" mb="0" cb="0"/><line nr="140" mi="0" ci="2" mb="0" cb="0"/><line nr="146" mi="4" ci="0" mb="0" cb="0"/><line nr="147" mi="3" ci="0" mb="0" cb="0"/><line nr="148" mi="6" ci="0" mb="0" cb="0"/><line nr="151" mi="6" ci="0" mb="2" cb="0"/><line nr="156" mi="7" ci="0" mb="4" cb="0"/><line nr="157" mi="4" ci="0" mb="0" cb="0"/><line nr="161" mi="12" ci="0" mb="0" cb="0"/><line nr="163" mi="5" ci="0" mb="2" cb="0"/><line nr="164" mi="1" ci="0" mb="0" cb="0"/><line nr="166" mi="7" ci="0" mb="0" cb="0"/><line nr="170" mi="2" ci="0" mb="0" cb="0"/><line nr="185" mi="0" ci="4" mb="0" cb="0"/><line nr="187" mi="0" ci="3" mb="0" cb="2"/><line nr="188" mi="0" ci="3" mb="0" cb="0"/><line nr="189" mi="0" ci="6" mb="0" cb="0"/><line nr="190" mi="0" ci="14" mb="0" cb="0"/><line nr="193" mi="0" ci="8" mb="0" cb="0"/><line nr="196" mi="0" ci="4" mb="0" cb="0"/><line nr="197" mi="0" ci="12" mb="0" cb="0"/><line nr="198" mi="0" ci="1" mb="0" cb="0"/><line nr="199" mi="0" ci="2" mb="0" cb="0"/><line nr="205" mi="4" ci="0" mb="0" cb="0"/><line nr="206" mi="8" ci="0" mb="2" cb="0"/><line nr="207" mi="7" ci="0" mb="0" cb="0"/><line nr="209" mi="2" ci="0" mb="0" cb="0"/><line nr="215" mi="4" ci="0" mb="0" cb="0"/><line nr="217" mi="9" ci="0" mb="2" cb="0"/><line nr="218" mi="7" ci="0" mb="0" cb="0"/><line nr="220" mi="2" ci="0" mb="0" cb="0"/><line nr="231" mi="8" ci="0" mb="2" cb="0"/><line nr="232" mi="8" ci="0" mb="2" cb="0"/><line nr="233" mi="3" ci="0" mb="0" cb="0"/><line nr="236" mi="6" ci="0" mb="0" cb="0"/><counter type="INSTRUCTION" missed="193" covered="206"/><counter type="BRANCH" missed="23" covered="15"/><counter type="LINE" missed="38" covered="40"/><counter type="COMPLEXITY" missed="17" covered="11"/><counter type="METHOD" missed="4" covered=
[...]
" mb="0" cb="0"/><line nr="60" mi="0" ci="2" mb="0" cb="0"/><line nr="63" mi="0" ci="3" mb="0" cb="0"/><line nr="65" mi="0" ci="2" mb="1" cb="1"/><line nr="66" mi="3" ci="0" mb="0" cb="0"/><line nr="67" mi="4" ci="0" mb="0" cb="0"/><line nr="68" mi="2" ci="0" mb="0" cb="0"/><line nr="71" mi="0" ci="6" mb="0" cb="0"/><line nr="72" mi="0" ci="8" mb="0" cb="2"/><line nr="73" mi="0" ci="8" mb="0" cb="2"/><line nr="75" mi="0" ci="5" mb="1" cb="1"/><line nr="76" mi="3" ci="0" mb="0" cb="0"/><line nr="77" mi="4" ci="0" mb="0" cb="0"/><line nr="78" mi="2" ci="0" mb="0" cb="0"/><line nr="82" mi="0" ci="7" mb="1" cb="1"/><line nr="83" mi="2" ci="0" mb="0" cb="0"/><line nr="87" mi="0" ci="2" mb="0" cb="2"/><line nr="88" mi="0" ci="4" mb="0" cb="0"/><line nr="89" mi="0" ci="2" mb="1" cb="1"/><line nr="90" mi="0" ci="4" mb="0" cb="0"/><line nr="93" mi="2" ci="0" mb="0" cb="0"/><line nr="104" mi="0" ci="6" mb="0" cb="2"/><line nr="105" mi="0" ci="7" mb="0" cb="2"/><line nr="107" mi="0" ci="2" mb="0" cb="2"/><line nr="109" mi="0" ci="3" mb="0" cb="0"/><line nr="110" mi="0" ci="2" mb="1" cb="1"/><line nr="111" mi="3" ci="0" mb="0" cb="0"/><line nr="112" mi="4" ci="0" mb="0" cb="0"/><line nr="113" mi="2" ci="0" mb="0" cb="0"/><line nr="115" mi="1" ci="0" mb="0" cb="0"/><line nr="116" mi="3" ci="0" mb="0" cb="0"/><line nr="117" mi="4" ci="0" mb="0" cb="0"/><line nr="118" mi="2" ci="0" mb="0" cb="0"/><line nr="119" mi="0" ci="1" mb="0" cb="0"/><line nr="120" mi="0" ci="2" mb="1" cb="1"/><line nr="122" mi="0" ci="3" mb="0" cb="0"/><line nr="123" mi="0" ci="4" mb="1" cb="1"/><line nr="124" mi="3" ci="0" mb="0" cb="0"/><line nr="125" mi="4" ci="0" mb="0" cb="0"/><line nr="126" mi="2" ci="0" mb="0" cb="0"/><line nr="128" mi="1" ci="0" mb="0" cb="0"/><line nr="129" mi="3" ci="0" mb="0" cb="0"/><line nr="130" mi="4" ci="0" mb="0" cb="0"/><line nr="131" mi="2" ci="0" mb="0" cb="0"/><line nr="132" mi="0" ci="1" mb="0" cb="0"/><line nr="135" mi="0" ci="2" mb="0" cb="0"/><line nr="141" mi="0" ci="4" mb="0" cb="0"/><line nr="142" mi="0" ci="4" mb="0" cb="0"/><line nr="143" mi="0" ci="7" mb="0" cb="0"/><line nr="145" mi="0" ci="6" mb="2" cb="2"/><line nr="146" mi="3" ci="0" mb="0" cb="0"/><line nr="147" mi="4" ci="0" mb="0" cb="0"/><line nr="148" mi="2" ci="0" mb="0" cb="0"/><line nr="151" mi="0" ci="8" mb="0" cb="0"/><line nr="153" mi="0" ci="8" mb="2" cb="2"/><line nr="154" mi="3" ci="0" mb="0" cb="0"/><line nr="155" mi="4" ci="0" mb="0" cb="0"/><line nr="156" mi="2" ci="0" mb="0" cb="0"/><line nr="159" mi="0" ci="2" mb="0" cb="0"/><line nr="165" mi="0" ci="4" mb="0" cb="0"/><line nr="166" mi="0" ci="4" mb="0" cb="0"/><line nr="167" mi="0" ci="4" mb="0" cb="0"/><line nr="170" mi="0" ci="3" mb="0" cb="0"/><line nr="171" mi="0" ci="3" mb="0" cb="0"/><line nr="172" mi="0" ci="3" mb="0" cb="0"/><line nr="173" mi="1" ci="0" mb="0" cb="0"/><line nr="174" mi="3" ci="0" mb="0" cb="0"/><line nr="175" mi="4" ci="0" mb="0" cb="0"/><line nr="176" mi="2" ci="0" mb="0" cb="0"/><line nr="177" mi="0" ci="1" mb="0" cb="0"/><line nr="179" mi="0" ci="2" mb="0" cb="0"/><line nr="189" mi="0" ci="3" mb="0" cb="0"/><line nr="190" mi="0" ci="5" mb="0" cb="0"/><line nr="199" mi="0" ci="3" mb="0" cb="0"/><line nr="200" mi="0" ci="6" mb="0" cb="0"/><line nr="212" mi="0" ci="2" mb="0" cb="2"/><line nr="214" mi="0" ci="12" mb="0" cb="0"/><line nr="215" mi="0" ci="4" mb="0" cb="0"/><line nr="216" mi="0" ci="1" mb="0" cb="0"/><line nr="217" mi="0" ci="3" mb="0" cb="0"/><line nr="218" mi="0" ci="7" mb="0" cb="0"/><line nr="219" mi="0" ci="7" mb="0" cb="0"/><line nr="220" mi="0" ci="7" mb="0" cb="0"/><line nr="222" mi="0" ci="2" mb="0" cb="0"/><line nr="234" mi="0" ci="5" mb="0" cb="0"/><line nr="235" mi="0" ci="5" mb="0" cb="0"/><line nr="236" mi="0" ci="5" mb="0" cb="0"/><line nr="237" mi="0" ci="6" mb="0" cb="0"/><line nr="238" mi="0" ci="6" mb="0" cb="0"/><line nr="239" mi="0" ci="6" mb="0" cb="0"/><line nr="241" mi="0" ci="18" mb="0" cb="0"/><line nr="242" mi="0" ci="7" mb="0" cb="0"/><line nr="257" mi="0" ci="3" mb="0" cb="0"/><line nr="258" mi="0" ci="2" mb="0" cb="0"/><line nr="267" mi="0" ci="8" mb="0" cb="2"/><line nr="268" mi="0" ci="7" mb="0" cb="0"/><line nr="270" mi="0" ci="1" mb="0" cb="0"/><counter type="INSTRUCTION" missed="88" covered="323"/><counter type="BRANCH" missed="11" covered="29"/><counter type="LINE" missed="32" covered="71"/><counter type="COMPLEXITY" missed="11" covered="21"/><counter type="METHOD" missed="0" covered="12"/><counter type="CLASS" missed="0" covered="1"/></sourcefile><sourcefile name="RadiusCommand.java"><line nr="20" mi="0" ci="3" mb="0" cb="0"/><line nr="33" mi="0" ci="5" mb="1" cb="1"/><line nr="35" mi="0" ci="3" mb="0" cb="0"/><line nr="37" mi="0" ci="6" mb="0" cb="0"/><line nr="38" mi="0" ci="8" mb="0" cb="2"/><line nr="39" mi="0" ci="5" mb="0" cb="0"/><line nr="41" mi="0" ci="2" mb="0" cb="0"/><line nr="43" mi="0" ci="2" mb="0" cb="2"/><line nr="44" mi="0" ci="12" mb="0" cb="0"/><line nr="48" mi="0" ci="5" mb="0" cb="0"/><line nr="50" mi="0" ci="4" mb="0" cb="0"/><line nr="51" mi="0" ci="3" mb="0" cb="0"/><line nr="53" mi="0" ci="3" mb="0" cb="0"/><line nr="54" mi="0" ci="5" mb="0" cb="0"/><line nr="57" mi="0" ci="9" mb="0" cb="0"/><line nr="60" mi="0" ci="10" mb="0" cb="0"/><line nr="62" mi="0" ci="2" mb="0" cb="0"/><line nr="65" mi="2" ci="0" mb="0" cb="0"/><line nr="73" mi="0" ci="3" mb="0" cb="0"/><line nr="91" mi="0" ci="2" mb="0" cb="2"/><line nr="92" mi="0" ci="1" mb="0" cb="0"/><line nr="95" mi="0" ci="7" mb="0" cb="0"/><line nr="97" mi="0" ci="4" mb="0" cb="0"/><line nr="98" mi="0" ci="7" mb="0" cb="0"/><line nr="101" mi="0" ci="6" mb="0" cb="2"/><line nr="102" mi="0" ci="7" mb="2" cb="2"/><line nr="103" mi="5" ci="0" mb="0" cb="0"/><line nr="107" mi="0" ci="7" mb="0" cb="0"/><line nr="108" mi="0" ci="6" mb="0" cb="0"/><line nr="109" mi="0" ci="8" mb="0" cb="0"/><line nr="112" mi="0" ci="12" mb="0" cb="0"/><line nr="119" mi="0" ci="5" mb="0" cb="2"/><line nr="120" mi="0" ci="10" mb="0" cb="0"/><line nr="121" mi="0" ci="11" mb="0" cb="0"/><line nr="123" mi="0" ci="4" mb="0" cb="2"/><line nr="124" mi="0" ci="11" mb="0" cb="0"/><line nr="125" mi="0" ci="4" mb="1" cb="1"/><line nr="126" mi="0" ci="11" mb="0" cb="0"/><line nr="128" mi="10" ci="0" mb="0" cb="0"/><line nr="129" mi="10" ci="0" mb="0" cb="0"/><line nr="132" mi="0" ci="1" mb="0" cb="0"/><counter type="INSTRUCTION" missed="27" covered="214"/><counter type="BRANCH" missed="4" covered="16"/><counter type="LINE" missed="4" covered="37"/><counter type="COMPLEXITY" missed="4" covered="10"/><counter type="METHOD" missed="0" covered="4"/><counter type="CLASS" missed="0" covered="1"/></sourcefile><sourcefile name="Main.java"><line nr="39" mi="5" ci="0" mb="0" cb="0"/><line nr="40" mi="1" ci="0" mb="0" cb="0"/><line nr="44" mi="2" ci="0" mb="0" cb="0"/><line nr="45" mi="3" ci="0" mb="0" cb="0"/><line nr="46" mi="1" ci="0" mb="0" cb="0"/><line nr="50" mi="4" ci="0" mb="0" cb="0"/><line nr="51" mi="4" ci="0" mb="0" cb="0"/><line nr="52" mi="7" ci="0" mb="0" cb="0"/><line nr="53" mi="5" ci="0" mb="0" cb="0"/><line nr="54" mi="5" ci="0" mb="0" cb="0"/><line nr="56" mi="4" ci="0" mb="2" cb="0"/><line nr="57" mi="7" ci="0" mb="0" cb="0"/><line nr="62" mi="4" ci="0" mb="0" cb="0"/><line nr="63" mi="2" ci="0" mb="0" cb="0"/><line nr="65" mi="1" ci="0" mb="0" cb="0"/><line nr="70" mi="4" ci="0" mb="0" cb="0"/><line nr="71" mi="5" ci="0" mb="0" cb="0"/><line nr="73" mi="3" ci="0" mb="0" cb="0"/><line nr="74" mi="1" ci="0" mb="0" cb="0"/><line nr="75" mi="10" ci="0" mb="0" cb="0"/><line nr="77" mi="2" ci="0" mb="0" cb="0"/><line nr="78" mi="1" ci="0" mb="0" cb="0"/><line nr="79" mi="5" ci="0" mb="0" cb="0"/><line nr="83" mi="2" ci="0" mb="0" cb="0"/><line nr="84" mi="2" ci="0" mb="0" cb="0"/><line nr="85" mi="5" ci="0" mb="0" cb="0"/><line nr="87" mi="2" ci="0" mb="0" cb="0"/><line nr="90" mi="6" ci="0" mb="0" cb="0"/><line nr="91" mi="6" ci="0" mb="0" cb="0"/><line nr="92" mi="6" ci="0" mb="0" cb="0"/><line nr="93" mi="6" ci="0" mb="0" cb="0"/><line nr="94" mi="6" ci="0" mb="0" cb="0"/><line nr="95" mi="1" ci="0" mb="0" cb="0"/><line nr="104" mi="12" ci="0" mb="0" cb="0"/><line nr="108" mi="6" ci="0" mb="0" cb="0"/><line nr="127" mi="3" ci="0" mb="0" cb="0"/><line nr="129" mi="9" ci="0" mb="0" cb="0"/><line nr="130" mi="9" ci="0" mb="0" cb="0"/><line nr="131" mi="9" ci="0" mb="0" cb="0"/><line nr="134" mi="3" ci="0" mb="0" cb="0"/><line nr="135" mi="4" ci="0" mb="0" cb="0"/><line nr="136" mi="4" ci="0" mb="0" cb="0"/><line nr="137" mi="4" ci="0" mb="0" cb="0"/><line nr="139" mi="2" ci="0" mb="0" cb="0"/><line nr="141" mi="2" ci="0" mb="2" cb="0"/><line nr="142" mi="3" ci="0" mb="0" cb="0"/><line nr="143" mi="4" ci="0" mb="2" cb="0"/><line nr="144" mi="4" ci="0" mb="0" cb="0"/><line nr="145" mi="4" ci="0" mb="0" cb="0"/><line nr="147" mi="3" ci="0" mb="2" cb="0"/><line nr="148" mi="4" ci="0" mb="0" cb="0"/><line nr="150" mi="7" ci="0" mb="0" cb="0"/><line nr="152" mi="5" ci="0" mb="2" cb="0"/><line nr="153" mi="4" ci="0" mb="0" cb="0"/><line nr="154" mi="4" ci="0" mb="0" cb="0"/><line nr="156" mi="3" ci="0" mb="2" cb="0"/><line nr="157" mi="4" ci="0" mb="0" cb="0"/><line nr="159" mi="7" ci="0" mb="0" cb="0"/><line nr="163" mi="12" ci="0" mb="0" cb="0"/><line nr="167" mi="6" ci="0" mb="0" cb="0"/><line nr="186" mi="3" ci="0" mb="0" cb="0"/><line nr="188" mi="9" ci="0" mb="0" cb="0"/><line nr="189" mi="9" ci="0" mb="0" cb="0"/><line nr="190" mi="9" ci="0" mb="0" cb="0"/><line nr="191" mi="9" ci="0" mb="0" cb="0"/><line nr="192" mi="9" ci="0" mb="0" cb="0"/><line nr="194" mi="3" ci="0" mb="0" cb="0"/><line nr="195" mi="4" ci="0" mb="0" cb="0"/><line nr="196" mi="4" ci="0" mb="0" cb="0"/><line nr="197" mi="4" ci="0" mb="0" cb="0"/><line nr="198" mi="4" ci="0" mb="0" cb="0"/><line nr="199" mi="4" ci="0" mb="0" cb="0"/><line nr="201" mi="2" ci="0" mb="0" cb="0"/><line nr="203" mi="2" ci="0" mb="2" cb="0"/><line nr="204" mi="3" ci="0" mb="0" cb="0"/><line nr="205" mi="4" ci="0" mb="2" cb="0"/><line nr="206" mi="4" ci="0" mb="0" cb="0"/><line nr="207" mi="4" ci="0" mb="0" cb="0"/><line nr="209" mi="3" ci="0" mb="2" cb="0"/><line nr="210" mi="4" ci="0" mb="0" cb="0"/><line nr="212" mi="7" ci="0" mb="0" cb="0"/><line nr="215" mi="5" ci="0" mb="2" cb="0"/><line nr="216" mi="4" ci="0" mb="0" cb="0"/><line nr="217" mi="4" ci="0" mb="0" cb="0"/><line nr="219" mi="3" ci="0" mb="2" cb="0"/><line nr="220" mi="4" ci="0" mb="0" cb="0"/><line nr="222" mi="7" ci="0" mb="0" cb="0"/><line nr="227" mi="12" ci="0" mb="0" cb="0"/><line nr="231" mi="6" ci="0" mb="0" cb="0"/><line nr="250" mi="3" ci="0" mb="0" cb="0"/><line nr="252" mi="9" ci="0" mb="0" cb="0"/><line nr="253" mi="9" ci="0" mb="0" cb="0"/><line nr="254" mi="9" ci="0" mb="0" cb="0"/><line nr="257" mi="3" ci="0" mb="0" cb="0"/><line nr="258" mi="4" ci="0" mb="0" cb="0"/><line nr="259" mi="4" ci="0" mb="0" cb="0"/><line nr="260" mi="4" ci="0" mb="0" cb="0"/><line nr="262" mi="2" ci="0" mb="0" cb="0"/><line nr="264" mi="2" ci="0" mb="2" cb="0"/><line nr="265" mi="3" ci="0" mb="0" cb="0"/><line nr="266" mi="4" ci="0" mb="2" cb="0"/><line nr="267" mi="4" ci="0" mb="0" cb="0"/><line nr="268" mi="4" ci="0" mb="0" cb="0"/><line nr="270" mi="3" ci="0" mb="2" cb="0"/><line nr="271" mi="4" ci="0" mb="0" cb="0"/><line nr="273" mi="7" ci="0" mb="0" cb="0"/><line nr="276" mi="5" ci="0" mb="2" cb="0"/><line nr="277" mi="4" ci="0" mb="0" cb="0"/><line nr="278" mi="4" ci="0" mb="0" cb="0"/><line nr="280" mi="3" ci="0" mb="2" cb="0"/><line nr="281" mi="4" ci="0" mb="0" cb="0"/><line nr="283" mi="7" ci="0" mb="0" cb="0"/><line nr="288" mi="12" ci="0" mb="0" cb="0"/><line nr="292" mi="6" ci="0" mb="0" cb="0"/><line nr="311" mi="3" ci="0" mb="0" cb="0"/><line nr="313" mi="9" ci="0" mb="0" cb="0"/><line nr="314" mi="9" ci="0" mb="0" cb="0"/><line nr="315" mi="9" ci="0" mb="0" cb="0"/><line nr="316" mi="9" ci="0" mb="0" cb="0"/><line nr="317" mi="9" ci="0" mb="0" cb="0"/><line nr="319" mi="3" ci="0" mb="0" cb="0"/><line nr="320" mi="4" ci="0" mb="0" cb="0"/><line nr="321" mi="4" ci="0" mb="0" cb="0"/><line nr="322" mi="4" ci="0" mb="0" cb="0"/><line nr="323" mi="4" ci="0" mb="0" cb="0"/><line nr="324" mi="4" ci="0" mb="0" cb="0"/><line nr="326" mi="2" ci="0" mb="0" cb="0"/><line nr="328" mi="2" ci="0" mb="2" cb="0"/><line nr="329" mi="3" ci="0" mb="0" cb="0"/><line nr="330" mi="4" ci="0" mb="2" cb="0"/><line nr="331" mi="4" ci="0" mb="0" cb="0"/><line nr="332" mi="4" ci="0" mb="0" cb="0"/><line nr="334" mi="3" ci="0" mb="2" cb="0"/><line nr="335" mi="4" ci="0" mb="0" cb="0"/><line nr="337" mi="7" ci="0" mb="0" cb="0"/><line nr="339" mi="5" ci="0" mb="2" cb="0"/><line nr="340" mi="4" ci="0" mb="0" cb="0"/><line nr="341" mi="4" ci="0" mb="0" cb="0"/><line nr="343" mi="3" ci="0" mb="2" cb="0"/><line nr="344" mi="4" ci="0" mb="0" cb="0"/><line nr="346" mi="7" ci="0" mb="0" cb="0"/><line nr="351" mi="12" ci="0" mb="0" cb="0"/><line nr="355" mi="6" ci="0" mb="0" cb="0"/><line nr="366" mi="3" ci="0" mb="0" cb="0"/><line nr="367" mi="4" ci="0" mb="0" cb="0"/><line nr="368" mi="5" ci="0" mb="0" cb="0"/><line nr="369" mi="3" ci="0" mb="0" cb="0"/><line nr="370" mi="3" ci="0" mb="0" cb="0"/><line nr="371" mi="3" ci="0" mb="0" cb="0"/><line nr="373" mi="4" ci="0" mb="0" cb="0"/><line nr="374" mi="1" ci="0" mb="0" cb="0"/><counter type="INSTRUCTION" missed="716" covered="0"/><counter type="BRANCH" missed="42" covered="0"/><counter type="LINE" missed="151" covered="0"/><counter type="COMPLEXITY" missed="32" covered="0"/><counter type="METHOD" missed="11" covered="0"/><counter type="CLASS" missed="7" covered="0"/></sourcefile><sourcefile name="EuclideanDistComparator.java"><line nr="18" mi="0" ci="2" mb="0" cb="0"/><line nr="19" mi="0" ci="3" mb="0" cb="0"/><line nr="20" mi="0" ci="1" mb="0" cb="0"/><line nr="26" mi="0" ci="8" mb="0" cb="2"/><line nr="27" mi="0" ci="5" mb="0" cb="0"/><line nr="28" mi="0" ci="8" mb="1" cb="1"/><line nr="29" mi="0" ci="5" mb="0" cb="0"/><line nr="31" mi="2" ci="0" mb="0" cb="0"/><counter type="INSTRUCTION" missed="2" covered="32"/><counter type="BRANCH" missed="1" covered="3"/><counter type="LINE" missed="1" covered="7"/><counter type="COMPLEXITY" missed="1" covered="3"/><counter type="METHOD" missed="0" covered="2"/><counter type="CLASS" missed="0" covered="1"/></sourcefile><sourcefile name="SharedData.java"><line nr="20" mi="0" ci="3" mb="0" cb="0"/><line nr="26" mi="0" ci="2" mb="0" cb="0"/><line nr="27" mi="0" ci="3" mb="0" cb="0"/><line nr="28" mi="0" ci="5" mb="0" cb="0"/><line nr="29" mi="0" ci="3" mb="0" cb="0"/><line nr="30" mi="0" ci="1" mb="0" cb="0"/><line nr="38" mi="0" ci="2" mb="0" cb="2"/><line nr="39" mi="0" ci="4" mb="0" cb="0"/><line nr="41" mi="0" ci="2" mb="0" cb="0"/><line nr="49" mi="0" ci="3" mb="0" cb="0"/><line nr="50" mi="0" ci="1" mb="0" cb="0"/><line nr="57" mi="0" ci="3" mb="0" cb="0"/><line nr="65" mi="0" ci="3" mb="0" cb="0"/><line nr="66" mi="0" ci="1" mb="0" cb="0"/><line nr="73" mi="0" ci="3" mb="0" cb="0"/><line nr="81" mi="0" ci="8" mb="0" cb="2"/><line nr="82" mi="0" ci="13" mb="0" cb="0"/><line nr="84" mi="0" ci="1" mb="0" cb="0"/><line nr="91" mi="0" ci="3" mb="0" cb="0"/><counter type="INSTRUCTION" missed="0" covered="64"/><counter type="BRANCH" missed="0" covered="4"/><counter type="LINE" missed="0" covered="19"/><counter type="COMPLEXITY" missed="0" covered="11"/><counter type="METHOD" missed="0" covered="9"/><counter type="CLASS" missed="0" covered="1"/></sourcefile><sourcefile name="Star.java"><line nr="18" mi="0" ci="3" mb="0" cb="0"/><line nr="25" mi="0" ci="2" mb="0" cb="0"/><line nr="26" mi="0" ci="6" mb="0" cb="0"/><line nr="27" mi="0" ci="6" mb="0" cb="0"/><line nr="28" mi="0" ci="5" mb="0" cb="0"/><line nr="30" mi="0" ci="8" mb="0" cb="2"/><line nr="31" mi="0" ci="11" mb="0" cb="0"/><line nr="33" mi="0" ci="1" mb="0" cb="0"/><line nr="40" mi="0" ci="3" mb="0" cb="0"/><line nr="41" mi="0" ci="1" mb="0" cb="0"/><line nr="48" mi="0" ci="3" mb="0" cb="0"/><line nr="56" mi="0" ci="3" mb="0" cb="0"/><line nr="64" mi="0" ci="3" mb="0" cb="0"/><line nr="74" mi="0" ci="3" mb="0" cb="0"/><counter type="INSTRUCTION" missed="0" covered="58"/><counter type="BRANCH" missed="0" covered="2"/><counter type="LINE" missed="0" covered="14"/><counter type="COMPLEXITY" missed="0" covered="7"/><counter type="METHOD" missed="0" covered="6"/><counter type="CLASS" missed="0" covered="1"/></sourcefile><counter type="INSTRUCTION" missed="1297" covered="1444"/><counter type="BRANCH" missed="113" covered="107"/><counter type="LINE" missed="278" covered="303"/><counter type="COMPLEXITY" missed="93" covered="90"/><counter type="METHOD" missed="22" covered="51"/><counter type="CLASS" missed="8" covered="9"/></package><package name="edu/brown/cs/hshah9/csvReader"><class name="edu/brown/cs/hshah9/csvReader/CsvReader" sourcefilename="CsvReader.java"><method name="&lt;init&gt;" desc="(Ljava/lang/String;)V" line="26"><counter type="INSTRUCTION" missed="0" covered="6"/><counter type="LINE" missed="0" covered="3"/><counter type="COMPLEXITY" missed="0" covered="1"/><counter type="METHOD" missed="0" covered="1"/></method><method name="&lt;init&gt;" desc="()V" line="34"><counter type="INSTRUCTION" missed="3" covered="0"/><counter type="LINE" missed="1" covered="0"/><counter type="COMPLEXITY" missed="1" covered="0"/><counter type="METHOD" missed="1" covered="0"/></method><method name="readInData" desc="(Ljava/lang/String;)Ljava/util/ArrayList;" line="44"><counter type="INSTRUCTION" missed="4" covered="54"/><counter type="BRANCH" missed="0" covered="2"/><counter type="LINE" missed="2" covered="11"/><counter type="COMPLEXITY" missed="0" covered="2"/><counter type="METHOD" missed="0" covered="1"/></method><method name="correctHeader" desc="()Z" line="76"><counter type="INSTRUCTION" missed="0" covered="6"/><counter type="LINE" missed="0" covered="1"/><counter type="COMPLEXITY" missed="0" covered="1"/><counter type="METHOD" missed="0" covered="1"/></method><counter type="INSTRUCTION" missed="7" covered="66"/><counter type="BRANCH" missed="0" covered="2"/><counter type="LINE" missed="3" covered="15"/><counter type="COMPLEXITY" missed="1" covered="4"/><counter type="METHOD" missed="1" covered="3"/><counter type="CLASS" missed="0" covered="1"/></class><sourcefile name="CsvReader.java"><line nr="26" mi="0" ci="2" mb="0" cb="0"/><line nr="27" mi="0" ci="3" mb="0" cb="0"/><line nr="28" mi="0" ci="1" mb="0" cb="0"/><line nr="34" mi="3" ci="0" mb="0" cb="0"/><line nr="44" mi="0" ci="2" mb="0" cb="0"/><line nr="46" mi="0" ci="8" mb="0" cb="0"/><line nr="47" mi="1" ci="0" mb="0" cb="0"/><line nr="48" mi="3" ci="0" mb="0" cb="0"/><line nr="49" mi="0" ci="1" mb="0" cb="0"/><line nr="51" mi="0" ci="3" mb="0" cb="0"/><line nr="54" mi="0" ci="7" mb="0" cb="0"/><line nr="57" mi="0" ci="6" mb="0" cb="0"/><line nr="60" mi="0" ci="4" mb="0" cb="0"/><line nr="61" mi="0" ci="8" mb="0" cb="2"/><line nr="62" mi="0" ci="9" mb="0" cb="0"/><line nr="63" mi="0" ci="4" mb="0" cb="0"/><line nr="66" mi="0" ci="2" mb="0" cb="0"/><line nr="76" mi="0" ci="6" mb="0" cb="0"/><counter type="INSTRUCTION" missed="7" covered="66"/><counter type="BRANCH" missed="0" covered="2"/><counter type="LINE" missed="3" covered="15"/><counter type="COMPLEXITY" missed="1" covered="4"/><counter type="METHOD" missed="1" covered="3"/><counter type="CLASS" missed="0" covered="1"/></sourcefile><counter type="INSTRUCTION" missed="7" covered="66"/><counter type="BRANCH" missed="0" covered="2"/><counter type="LINE" missed="3" covered="15"/><counter type="COMPLEXITY" missed="1" covered="4"/><counter type="METHOD" missed="1" covered="3"/><counter type="CLASS" missed="0" covered="1"/></package><counter type="INSTRUCTION" missed="1523" covered="1701"/><counter type="BRANCH" missed="128" covered="116"/><counter type="LINE" missed="331" covered="364"/><counter type="COMPLEXITY" missed="109" covered="110"/><counter type="METHOD" missed="30" covered="67"/><counter type="CLASS" missed="11" covered="14"/></report>